#-----------------------------------------------------------
# Vivado v2019.2 (64-bit)
# SW Build 2708876 on Wed Nov  6 21:40:23 MST 2019
# IP Build 2700528 on Thu Nov  7 00:09:20 MST 2019
# Start of session at: Sat Sep  2 13:33:57 2023
# Process ID: 17372
# Current directory: C:/Users/11731/Desktop/miniTerm/myPipeline/code
# Command line: vivado.exe -gui_launcher_event rodinguilauncherevent34052 C:\Users\11731\Desktop\miniTerm\myPipeline\code\pipeline.xpr
# Log file: C:/Users/11731/Desktop/miniTerm/myPipeline/code/vivado.log
# Journal file: C:/Users/11731/Desktop/miniTerm/myPipeline/code\vivado.jou
#-----------------------------------------------------------
start_gui
open_project C:/Users/11731/Desktop/miniTerm/myPipeline/code/pipeline.xpr
INFO: [Project 1-313] Project file moved from 'C:/Users/11731/Desktop/miniTerm/framework' since last save.
CRITICAL WARNING: [Project 1-311] Could not find the file 'C:/Users/11731/Desktop/miniTerm/myPipeline/code/pipeline.srcs/sources_1/new/myCPU/macro.vh', nor could it be found using path 'C:/Users/11731/Desktop/miniTerm/framework/single_cycle.srcs/sources_1/new/myCPU/macro.vh'.
CRITICAL WARNING: [Project 1-311] Could not find the file 'C:/Users/11731/Desktop/miniTerm/myPipeline/code/pipeline.srcs/sources_1/new/myCPU/alu.v', nor could it be found using path 'C:/Users/11731/Desktop/miniTerm/framework/single_cycle.srcs/sources_1/new/myCPU/alu.v'.
CRITICAL WARNING: [Project 1-311] Could not find the file 'C:/Users/11731/Desktop/miniTerm/myPipeline/code/pipeline.srcs/sources_1/new/myCPU/br.v', nor could it be found using path 'C:/Users/11731/Desktop/miniTerm/framework/single_cycle.srcs/sources_1/new/myCPU/br.v'.
CRITICAL WARNING: [Project 1-311] Could not find the file 'C:/Users/11731/Desktop/miniTerm/myPipeline/code/pipeline.srcs/sources_1/new/myCPU/control.v', nor could it be found using path 'C:/Users/11731/Desktop/miniTerm/framework/single_cycle.srcs/sources_1/new/myCPU/control.v'.
CRITICAL WARNING: [Project 1-311] Could not find the file 'C:/Users/11731/Desktop/miniTerm/myPipeline/code/pipeline.srcs/sources_1/new/myCPU/pc.v', nor could it be found using path 'C:/Users/11731/Desktop/miniTerm/framework/single_cycle.srcs/sources_1/new/myCPU/pc.v'.
CRITICAL WARNING: [Project 1-311] Could not find the file 'C:/Users/11731/Desktop/miniTerm/myPipeline/code/pipeline.srcs/sources_1/new/myCPU/regfile.v', nor could it be found using path 'C:/Users/11731/Desktop/miniTerm/framework/single_cycle.srcs/sources_1/new/myCPU/regfile.v'.
CRITICAL WARNING: [Project 1-311] Could not find the file 'C:/Users/11731/Desktop/miniTerm/myPipeline/code/pipeline.srcs/sources_1/new/myCPU/riscv_top.v', nor could it be found using path 'C:/Users/11731/Desktop/miniTerm/framework/single_cycle.srcs/sources_1/new/myCPU/riscv_top.v'.
Scanning sources...
Finished scanning sources
WARNING: [filemgmt 56-3] IP Output Repository Path: Could not find the directory 'E:/ZZZ/lab3/single_cycle/single_cycle.cache/ip'.
INFO: [IP_Flow 19-234] Refreshing IP repositories
INFO: [IP_Flow 19-1704] No user IP repositories specified
INFO: [IP_Flow 19-2313] Loaded Vivado IP repository 'D:/Vivado2021/Vivado/2019.2/data/ip'.
update_compile_order -fileset sources_1
exit
INFO: [Common 17-206] Exiting Vivado at Sat Sep  2 13:35:28 2023...
