#
# There is insufficient memory for the Java Runtime Environment to continue.
# Native memory allocation (malloc) failed to allocate 1361616 bytes for Chunk::new
# Possible reasons:
#   The system is out of physical RAM or swap space
#   The process is running with CompressedOops enabled, and the Java Heap may be blocking the growth of the native heap
# Possible solutions:
#   Reduce memory load on the system
#   Increase physical memory or swap space
#   Check if swap backing store is full
#   Decrease Java heap size (-Xmx/-Xms)
#   Decrease number of Java threads
#   Decrease Java thread stack sizes (-Xss)
#   Set larger code cache with -XX:ReservedCodeCacheSize=
#   JVM is running with Zero Based Compressed Oops mode in which the Java heap is
#     placed in the first 32GB address space. The Java Heap base address is the
#     maximum limit for the native heap growth. Please use -XX:HeapBaseMinAddress
#     to set the Java Heap base and to place the Java Heap above 32GB virtual address.
# This output file may be truncated or incomplete.
#
#  Out of Memory Error (t:/workspace/hotspot/src/share/vm/memory/allocation.cpp:372), pid=3732, tid=8580
#
# JRE version: Java(TM) SE Runtime Environment (9.0+11) (build 9.0.4+11)
# Java VM: Java HotSpot(TM) 64-Bit Server VM (9.0.4+11, mixed mode, tiered, compressed oops, g1 gc, windows-amd64)
# No core dump will be written. Minidumps are not enabled by default on client versions of Windows
#

---------------  S U M M A R Y ------------

Command Line: -Dsun.java2d.pmoffscreen=false -Dsun.java2d.xrender=false -Dsun.java2d.d3d=false -Dsun.awt.nopixfmt=true -Dsun.java2d.dpiaware=true -Dsun.java2d.uiScale.enabled=false -Xverify:none -Dswing.aatext=true -XX:-UsePerfData -Djdk.map.althashing.threshold=512 -XX:StringTableSize=4072 --add-opens=java.base/java.nio=ALL-UNNAMED --add-opens=java.desktop/sun.swing=ALL-UNNAMED --add-opens=java.desktop/javax.swing=ALL-UNNAMED --add-opens=java.desktop/javax.swing.tree=ALL-UNNAMED --add-opens=java.desktop/javax.swing.plaf.basic=ALL-UNNAMED --add-opens=java.desktop/javax.swing.plaf.synth=ALL-UNNAMED --add-opens=java.desktop/com.sun.awt=ALL-UNNAMED -XX:NewSize=60m -XX:MaxNewSize=60m -Xms128m -Xmx3072m -Xss5m 

Host: AMD Ryzen 7 PRO 4750U with Radeon Graphics, 16 cores, 15G,  Windows 10 , 64 bit Build 19041 (10.0.19041.3155)
Time: Mon Sep 04 11:27:26 2023 ?D1¨²¡À¨º¡Á?¨º¡À?? elapsed time: 4472 seconds (0d 1h 14m 32s)

---------------  T H R E A D  ---------------

Current thread (0x0000028748ff3000):  JavaThread "C2 CompilerThread6" daemon [_thread_in_native, id=8580, stack(0x000000c036f00000,0x000000c037000000)]


Current CompileTask:
C2:4472849 24270       4       com.jidesoft.grid.TreeTable::getCellRenderer (78 bytes)

Stack: [0x000000c036f00000,0x000000c037000000]
Native frames: (J=compiled Java code, j=interpreted, Vv=VM code, C=native code)
V  [jvm.dll+0x587068]

[error occurred during error reporting (printing native stack), id 0xe0000001]


---------------  P R O C E S S  ---------------

Java Threads: ( => current thread )
  0x000002876a29a800 JavaThread "Image Fetcher 0" daemon [_thread_blocked, id=4204, stack(0x000000c03f000000,0x000000c03f500000)]
  0x000002876a29f800 JavaThread "Run Simulation Thread" [_thread_in_native, id=16168, stack(0x000000c03eb00000,0x000000c03f000000)]
  0x000002876a2a2000 JavaThread "Thread-4905" [_thread_in_native, id=5940, stack(0x000000c039a00000,0x000000c039b00000)]
  0x000002876a29c800 JavaThread "Thread-4904" [_thread_in_native, id=3896, stack(0x000000c03d500000,0x000000c03d600000)]
  0x000002876a29f000 JavaThread "SyntheticaAnimation 50" daemon [_thread_blocked, id=24744, stack(0x000000c03c100000,0x000000c03c600000)]
  0x000002876a298000 JavaThread "Swing-Shell" daemon [_thread_blocked, id=22088, stack(0x000000c03bc00000,0x000000c03c100000)]
  0x000002876a293800 JavaThread "SyntheticaAnimation 50" daemon [_thread_blocked, id=26056, stack(0x000000c03df00000,0x000000c03e400000)]
  0x000002876a295000 JavaThread "Update Runs Swing Worker Thread" [_thread_blocked, id=24856, stack(0x000000c03e400000,0x000000c03e900000)]
  0x000002876b823800 JavaThread "hw_ila_monitor" [_thread_blocked, id=24832, stack(0x000000c03b700000,0x000000c03bc00000)]
  0x000002876b828000 JavaThread "Refresh Filesets Swing Worker Thread" [_thread_blocked, id=24828, stack(0x000000c03ad00000,0x000000c03b200000)]
  0x000002876b825000 JavaThread "SyntheticaAnimation 70" daemon [_thread_blocked, id=4804, stack(0x000000c03da00000,0x000000c03df00000)]
  0x000002876b824000 JavaThread "SyntheticaAnimation 25" daemon [_thread_blocked, id=23676, stack(0x000000c03d000000,0x000000c03d500000)]
  0x000002876b822000 JavaThread "SyntheticaAnimation 50" daemon [_thread_blocked, id=2480, stack(0x000000c03cb00000,0x000000c03d000000)]
  0x000002876b821000 JavaThread "Monitor HEventQueue Thread" [_thread_blocked, id=16496, stack(0x000000c03c600000,0x000000c03cb00000)]
  0x000002876b827000 JavaThread "SyntheticaCleanerThread" daemon [_thread_blocked, id=7644, stack(0x000000c03b200000,0x000000c03b700000)]
  0x000002876b826800 JavaThread "Batik CleanerThread" daemon [_thread_blocked, id=9492, stack(0x000000c039e00000,0x000000c03a300000)]
  0x000002876a49f800 JavaThread "AWT-EventQueue-1" [_thread_blocked, id=6524, stack(0x000000c03a800000,0x000000c03ad00000)]
  0x0000028769ed2000 JavaThread "Process Messages Thread" [_thread_blocked, id=10176, stack(0x000000c03a300000,0x000000c03a800000)]
  0x000002876b6f1800 JavaThread "Thread-1" [_thread_in_native, id=4824, stack(0x000000c031e00000,0x000000c033200000)]
  0x0000028769e32000 JavaThread "TimerQueue" daemon [_thread_blocked, id=4684, stack(0x000000c039400000,0x000000c039900000)]
  0x0000028769aaf800 JavaThread "AWT-Windows" daemon [_thread_in_native, id=2104, stack(0x000000c038f00000,0x000000c039400000)]
  0x0000028769aaf000 JavaThread "AWT-Shutdown" [_thread_blocked, id=22044, stack(0x000000c038a00000,0x000000c038f00000)]
  0x0000028744899000 JavaThread "Java2D Disposer" daemon [_thread_blocked, id=2232, stack(0x000000c038500000,0x000000c038a00000)]
  0x00000287449d6800 JavaThread "Service Thread" daemon [_thread_blocked, id=24320, stack(0x000000c037f00000,0x000000c038400000)]
  0x0000028746e69800 JavaThread "Common-Cleaner" daemon [_thread_blocked, id=6668, stack(0x000000c037a00000,0x000000c037f00000)]
  0x000002874986a800 JavaThread "Sweeper thread" daemon [_thread_blocked, id=16252, stack(0x000000c037500000,0x000000c037a00000)]
  0x0000028746e44000 JavaThread "C1 CompilerThread11" daemon [_thread_blocked, id=3240, stack(0x000000c037400000,0x000000c037500000)]
  0x0000028746e3c800 JavaThread "C1 CompilerThread10" daemon [_thread_blocked, id=8960, stack(0x000000c037300000,0x000000c037400000)]
  0x0000028746e43800 JavaThread "C1 CompilerThread9" daemon [_thread_blocked, id=4864, stack(0x000000c037200000,0x000000c037300000)]
  0x0000028746e42800 JavaThread "C1 CompilerThread8" daemon [_thread_blocked, id=5056, stack(0x000000c037100000,0x000000c037200000)]
  0x0000028746e41000 JavaThread "C2 CompilerThread7" daemon [_thread_blocked, id=21980, stack(0x000000c037000000,0x000000c037100000)]
=>0x0000028748ff3000 JavaThread "C2 CompilerThread6" daemon [_thread_in_native, id=8580, stack(0x000000c036f00000,0x000000c037000000)]
  0x0000028748ff1000 JavaThread "C2 CompilerThread5" daemon [_thread_blocked, id=15800, stack(0x000000c036e00000,0x000000c036f00000)]
  0x0000028748fed800 JavaThread "C2 CompilerThread4" daemon [_thread_blocked, id=3840, stack(0x000000c036d00000,0x000000c036e00000)]
  0x0000028748ff0800 JavaThread "C2 CompilerThread3" daemon [_thread_blocked, id=6848, stack(0x000000c036c00000,0x000000c036d00000)]
  0x0000028748ff2000 JavaThread "C2 CompilerThread2" daemon [_thread_blocked, id=2804, stack(0x000000c036b00000,0x000000c036c00000)]
  0x0000028748fef800 JavaThread "C2 CompilerThread1" daemon [_thread_blocked, id=14820, stack(0x000000c036a00000,0x000000c036b00000)]
  0x0000028748e8d000 JavaThread "C2 CompilerThread0" daemon [_thread_blocked, id=13088, stack(0x000000c036900000,0x000000c036a00000)]
  0x000002873fac8800 JavaThread "Attach Listener" daemon [_thread_blocked, id=21760, stack(0x000000c036400000,0x000000c036900000)]
  0x0000028748e8b000 JavaThread "Signal Dispatcher" daemon [_thread_blocked, id=9528, stack(0x000000c035f00000,0x000000c036400000)]
  0x000002874794d800 JavaThread "Finalizer" daemon [_thread_blocked, id=3680, stack(0x000000c035a00000,0x000000c035f00000)]
  0x000002874794c000 JavaThread "Reference Handler" daemon [_thread_blocked, id=16380, stack(0x000000c035500000,0x000000c035a00000)]
  0x00000287453dd800 JavaThread "main" [_thread_blocked, id=18820, stack(0x000000c033400000,0x000000c033500000)]

Other Threads:
  0x0000028745fdb000 VMThread "VM Thread" [stack: 0x000000c035400000,0x000000c035500000] [id=13896]
  0x00000287448aa000 WatcherThread [stack: 0x000000c038400000,0x000000c038500000] [id=7364]
  0x0000028748e89800 GCTaskThread "GC Thread#0" [stack: 0x000000c033500000,0x000000c033600000] [id=3584]
  0x0000028748e8a000 GCTaskThread "GC Thread#1" [stack: 0x000000c033600000,0x000000c033700000] [id=23148]
  0x0000028748e8a800 GCTaskThread "GC Thread#2" [stack: 0x000000c033700000,0x000000c033800000] [id=11792]
  0x00000287496f0800 GCTaskThread "GC Thread#3" [stack: 0x000000c033800000,0x000000c033900000] [id=15040]
  0x0000028744415000 GCTaskThread "GC Thread#4" [stack: 0x000000c033900000,0x000000c033a00000] [id=15844]
  0x0000028744415800 GCTaskThread "GC Thread#5" [stack: 0x000000c033a00000,0x000000c033b00000] [id=3868]
  0x0000028744413000 GCTaskThread "GC Thread#6" [stack: 0x000000c033b00000,0x000000c033c00000] [id=3784]
  0x0000028744416800 GCTaskThread "GC Thread#7" [stack: 0x000000c033c00000,0x000000c033d00000] [id=21312]
  0x0000028744417800 GCTaskThread "GC Thread#8" [stack: 0x000000c033d00000,0x000000c033e00000] [id=3940]
  0x0000028744418000 GCTaskThread "GC Thread#9" [stack: 0x000000c033e00000,0x000000c033f00000] [id=3744]
  0x0000028744419000 GCTaskThread "GC Thread#10" [stack: 0x000000c033f00000,0x000000c034000000] [id=16396]
  0x0000028744416000 GCTaskThread "GC Thread#11" [stack: 0x000000c034000000,0x000000c034100000] [id=14452]
  0x0000028744413800 GCTaskThread "GC Thread#12" [stack: 0x000000c034100000,0x000000c034200000] [id=12444]
  0x0000028746d7b800 ConcurrentGCThread "G1 Main Marker" [stack: 0x000000c035000000,0x000000c035100000] [id=8388]
  0x0000028744418800 ConcurrentGCThread "G1 Marker#0" [stack: 0x000000c035100000,0x000000c035200000] [id=24296]
  0x0000028744414000 ConcurrentGCThread "G1 Marker#1" [stack: 0x000000c035200000,0x000000c035300000] [id=3916]
  0x0000028744412800 ConcurrentGCThread "G1 Marker#2" [stack: 0x000000c035300000,0x000000c035400000] [id=17312]
  0x0000028746d0b000 ConcurrentGCThread "G1 Refine#0" [stack: 0x000000c034e00000,0x000000c034f00000] [id=8644]
  0x0000028746d0a000 ConcurrentGCThread "G1 Refine#1" [stack: 0x000000c034d00000,0x000000c034e00000] [id=22720]
  0x0000028746d09800 ConcurrentGCThread "G1 Refine#2" [stack: 0x000000c034c00000,0x000000c034d00000] [id=1644]
  0x0000028746d06800 ConcurrentGCThread "G1 Refine#3" [stack: 0x000000c034b00000,0x000000c034c00000] [id=5520]
  0x0000028746d07000 ConcurrentGCThread "G1 Refine#4" [stack: 0x000000c034a00000,0x000000c034b00000] [id=5440]
  0x0000028746d07800 ConcurrentGCThread "G1 Refine#5" [stack: 0x000000c034900000,0x000000c034a00000] [id=21360]
  0x0000028746d09000 ConcurrentGCThread "G1 Refine#6" [stack: 0x000000c034800000,0x000000c034900000] [id=1304]
  0x0000028746d08800 ConcurrentGCThread "G1 Refine#7" [stack: 0x000000c034700000,0x000000c034800000] [id=12728]
  0x0000028746f7d800 ConcurrentGCThread "G1 Refine#8" [stack: 0x000000c034600000,0x000000c034700000] [id=3984]
  0x0000028747037800 ConcurrentGCThread "G1 Refine#9" [stack: 0x000000c034500000,0x000000c034600000] [id=11024]
  0x0000028747036800 ConcurrentGCThread "G1 Refine#10" [stack: 0x000000c034400000,0x000000c034500000] [id=24052]
  0x0000028747036000 ConcurrentGCThread "G1 Refine#11" [stack: 0x000000c034300000,0x000000c034400000] [id=680]
  0x0000028747033800 ConcurrentGCThread "G1 Refine#12" [stack: 0x000000c034200000,0x000000c034300000] [id=23172]
  0x0000028746f21000 ConcurrentGCThread "G1 Young RemSet Sampling" [stack: 0x000000c034f00000,0x000000c035000000] [id=8144]

Threads with active compile tasks:
C2 CompilerThread624270       4       com.jidesoft.grid.TreeTable::getCellRenderer (78 bytes)

VM state:not at safepoint (normal execution)

VM Mutex/Monitor currently owned by a thread: None

Heap address: 0x0000000700000000, size: 3072 MB, Compressed Oops mode: Zero based, Oop shift amount: 3
Narrow klass base: 0x0000000000000000, Narrow klass shift: 3
Compressed class space size: 1073741824 Address: 0x00000007c0000000

Heap:
 garbage-first heap   total 227328K, used 117436K [0x0000000700000000, 0x00000007001006f0, 0x00000007c0000000)
  region size 1024K, 31 young (31744K), 2 survivors (2048K)
 Metaspace       used 88300K, capacity 91833K, committed 95616K, reserved 1132544K
  class space    used 11917K, capacity 12593K, committed 13440K, reserved 1048576K
Heap Regions: E=young(eden), S=young(survivor), O=old, HS=humongous(starts), HC=humongous(continues), CS=collection set, F=free, A=archive, TS=gc time stamp, AC=allocation context, TAMS=top-at-mark-start (previous, next)
|   0|0x0000000700000000, 0x00000007000fee28, 0x0000000700100000| 99%| O|  |TS  0|AC  0|TAMS 0x0000000700000000, 0x0000000700000000|
|   1|0x0000000700100000, 0x00000007001f97f8, 0x0000000700200000| 97%| O|  |TS  0|AC  0|TAMS 0x0000000700100000, 0x0000000700100000|
|   2|0x0000000700200000, 0x00000007002f1128, 0x0000000700300000| 94%| O|  |TS  0|AC  0|TAMS 0x0000000700200000, 0x0000000700200000|
|   3|0x0000000700300000, 0x00000007003ffff8, 0x0000000700400000| 99%| O|  |TS  0|AC  0|TAMS 0x0000000700300000, 0x0000000700300000|
|   4|0x0000000700400000, 0x0000000700500000, 0x0000000700500000|100%|HS|  |TS  0|AC  0|TAMS 0x0000000700400000, 0x0000000700400000|
|   5|0x0000000700500000, 0x0000000700600000, 0x0000000700600000|100%|HC|  |TS  0|AC  0|TAMS 0x0000000700500000, 0x0000000700500000|
|   6|0x0000000700600000, 0x0000000700700000, 0x0000000700700000|100%|HS|  |TS  0|AC  0|TAMS 0x0000000700600000, 0x0000000700600000|
|   7|0x0000000700700000, 0x00000007007fa000, 0x0000000700800000| 97%| O|  |TS  0|AC  0|TAMS 0x0000000700700000, 0x0000000700700000|
|   8|0x0000000700800000, 0x00000007008de498, 0x0000000700900000| 86%| O|  |TS  0|AC  0|TAMS 0x0000000700800000, 0x0000000700800000|
|   9|0x0000000700900000, 0x00000007009fffe0, 0x0000000700a00000| 99%| O|  |TS  0|AC  0|TAMS 0x0000000700900000, 0x0000000700900000|
|  10|0x0000000700a00000, 0x0000000700b00000, 0x0000000700b00000|100%| O|  |TS  0|AC  0|TAMS 0x0000000700a00000, 0x0000000700a00000|
|  11|0x0000000700b00000, 0x0000000700bffff0, 0x0000000700c00000| 99%| O|  |TS  0|AC  0|TAMS 0x0000000700b00000, 0x0000000700b00000|
|  12|0x0000000700c00000, 0x0000000700cfffe0, 0x0000000700d00000| 99%| O|  |TS  0|AC  0|TAMS 0x0000000700c00000, 0x0000000700c00000|
|  13|0x0000000700d00000, 0x0000000700e00000, 0x0000000700e00000|100%| O|  |TS  0|AC  0|TAMS 0x0000000700d00000, 0x0000000700d00000|
|  14|0x0000000700e00000, 0x0000000700effff0, 0x0000000700f00000| 99%| O|  |TS  0|AC  0|TAMS 0x0000000700e00000, 0x0000000700e00000|
|  15|0x0000000700f00000, 0x0000000700fffff0, 0x0000000701000000| 99%| O|  |TS  0|AC  0|TAMS 0x0000000700f00000, 0x0000000700f00000|
|  16|0x0000000701000000, 0x00000007010feaa0, 0x0000000701100000| 99%| O|  |TS  0|AC  0|TAMS 0x0000000701000000, 0x0000000701000000|
|  17|0x0000000701100000, 0x0000000701200000, 0x0000000701200000|100%| O|  |TS  0|AC  0|TAMS 0x0000000701100000, 0x0000000701100000|
|  18|0x0000000701200000, 0x00000007012fffe8, 0x0000000701300000| 99%| O|  |TS  0|AC  0|TAMS 0x0000000701200000, 0x0000000701200000|
|  19|0x0000000701300000, 0x00000007013fffd8, 0x0000000701400000| 99%| O|  |TS  0|AC  0|TAMS 0x0000000701300000, 0x0000000701300000|
|  20|0x0000000701400000, 0x00000007014f7be8, 0x0000000701500000| 96%| O|  |TS  0|AC  0|TAMS 0x0000000701400000, 0x0000000701400000|
|  21|0x0000000701500000, 0x00000007015ffff8, 0x0000000701600000| 99%| O|  |TS  0|AC  0|TAMS 0x0000000701500000, 0x0000000701500000|
|  22|0x0000000701600000, 0x0000000701700000, 0x0000000701700000|100%|HS|  |TS  0|AC  0|TAMS 0x0000000701600000, 0x0000000701600000|
|  23|0x0000000701700000, 0x0000000701800000, 0x0000000701800000|100%|HC|  |TS  0|AC  0|TAMS 0x0000000701700000, 0x0000000701700000|
|  24|0x0000000701800000, 0x00000007018ffff0, 0x0000000701900000| 99%| O|  |TS  0|AC  0|TAMS 0x0000000701800000, 0x0000000701800000|
|  25|0x0000000701900000, 0x00000007019ffff8, 0x0000000701a00000| 99%| O|  |TS  0|AC  0|TAMS 0x0000000701900000, 0x0000000701900000|
|  26|0x0000000701a00000, 0x0000000701affc28, 0x0000000701b00000| 99%| O|  |TS  0|AC  0|TAMS 0x0000000701a00000, 0x0000000701a00000|
|  27|0x0000000701b00000, 0x0000000701bff7c0, 0x0000000701c00000| 99%| O|  |TS  0|AC  0|TAMS 0x0000000701b00000, 0x0000000701b00000|
|  28|0x0000000701c00000, 0x0000000701d00000, 0x0000000701d00000|100%| O|  |TS  0|AC  0|TAMS 0x0000000701c00000, 0x0000000701c00000|
|  29|0x0000000701d00000, 0x0000000701dffff8, 0x0000000701e00000| 99%| O|  |TS  0|AC  0|TAMS 0x0000000701d00000, 0x0000000701d00000|
|  30|0x0000000701e00000, 0x0000000701f00000, 0x0000000701f00000|100%| O|  |TS  0|AC  0|TAMS 0x0000000701e00000, 0x0000000701e00000|
|  31|0x0000000701f00000, 0x0000000701fffff0, 0x0000000702000000| 99%| O|  |TS  0|AC  0|TAMS 0x0000000701f00000, 0x0000000701f00000|
|  32|0x0000000702000000, 0x00000007020fffd0, 0x0000000702100000| 99%| O|  |TS  0|AC  0|TAMS 0x0000000702000000, 0x0000000702000000|
|  33|0x0000000702100000, 0x00000007021ffff0, 0x0000000702200000| 99%| O|  |TS  0|AC  0|TAMS 0x0000000702100000, 0x0000000702100000|
|  34|0x0000000702200000, 0x00000007022fff88, 0x0000000702300000| 99%| O|  |TS  0|AC  0|TAMS 0x0000000702200000, 0x0000000702200000|
|  35|0x0000000702300000, 0x00000007023fffc0, 0x0000000702400000| 99%| O|  |TS  0|AC  0|TAMS 0x0000000702300000, 0x0000000702300000|
|  36|0x0000000702400000, 0x0000000702500000, 0x0000000702500000|100%| O|  |TS  0|AC  0|TAMS 0x0000000702400000, 0x0000000702400000|
|  37|0x0000000702500000, 0x00000007025fffc0, 0x0000000702600000| 99%| O|  |TS  0|AC  0|TAMS 0x0000000702500000, 0x0000000702500000|
|  38|0x0000000702600000, 0x00000007026ffff0, 0x0000000702700000| 99%| O|  |TS  0|AC  0|TAMS 0x0000000702600000, 0x0000000702600000|
|  39|0x0000000702700000, 0x00000007027ffe88, 0x0000000702800000| 99%| O|  |TS  0|AC  0|TAMS 0x0000000702700000, 0x0000000702700000|
|  40|0x0000000702800000, 0x00000007028ffbd8, 0x0000000702900000| 99%| O|  |TS  0|AC  0|TAMS 0x0000000702800000, 0x0000000702800000|
|  41|0x0000000702900000, 0x0000000702a00000, 0x0000000702a00000|100%| O|  |TS  0|AC  0|TAMS 0x0000000702900000, 0x0000000702900000|
|  42|0x0000000702a00000, 0x0000000702afffe8, 0x0000000702b00000| 99%| O|  |TS  0|AC  0|TAMS 0x0000000702a00000, 0x0000000702a00000|
|  43|0x0000000702b00000, 0x0000000702bfffe0, 0x0000000702c00000| 99%| O|  |TS  0|AC  0|TAMS 0x0000000702b00000, 0x0000000702b00000|
|  44|0x0000000702c00000, 0x0000000702d00000, 0x0000000702d00000|100%| O|  |TS  0|AC  0|TAMS 0x0000000702c00000, 0x0000000702c00000|
|  45|0x0000000702d00000, 0x0000000702dfc458, 0x0000000702e00000| 98%| O|  |TS  0|AC  0|TAMS 0x0000000702d00000, 0x0000000702d00000|
|  46|0x0000000702e00000, 0x0000000702effff8, 0x0000000702f00000| 99%| O|  |TS  0|AC  0|TAMS 0x0000000702e00000, 0x0000000702e00000|
|  47|0x0000000702f00000, 0x0000000702ffff90, 0x0000000703000000| 99%| O|  |TS  0|AC  0|TAMS 0x0000000702f00000, 0x0000000702f00000|
|  48|0x0000000703000000, 0x00000007030fffe8, 0x0000000703100000| 99%| O|  |TS  0|AC  0|TAMS 0x0000000703000000, 0x0000000703000000|
|  49|0x0000000703100000, 0x00000007031fecf8, 0x0000000703200000| 99%| O|  |TS  0|AC  0|TAMS 0x0000000703100000, 0x0000000703100000|
|  50|0x0000000703200000, 0x0000000703300000, 0x0000000703300000|100%|HS|  |TS  0|AC  0|TAMS 0x0000000703200000, 0x0000000703200000|
|  51|0x0000000703300000, 0x0000000703400000, 0x0000000703400000|100%|HS|  |TS  0|AC  0|TAMS 0x0000000703300000, 0x0000000703300000|
|  52|0x0000000703400000, 0x0000000703500000, 0x0000000703500000|100%| O|  |TS  0|AC  0|TAMS 0x0000000703400000, 0x0000000703400000|
|  53|0x0000000703500000, 0x00000007035ffff8, 0x0000000703600000| 99%| O|  |TS  0|AC  0|TAMS 0x0000000703500000, 0x0000000703500000|
|  54|0x0000000703600000, 0x00000007036ffff8, 0x0000000703700000| 99%| O|  |TS  0|AC  0|TAMS 0x0000000703600000, 0x0000000703600000|
|  55|0x0000000703700000, 0x00000007037ffff8, 0x0000000703800000| 99%| O|  |TS  0|AC  0|TAMS 0x0000000703700000, 0x0000000703700000|
|  56|0x0000000703800000, 0x00000007038ffff8, 0x0000000703900000| 99%| O|  |TS  0|AC  0|TAMS 0x0000000703800000, 0x0000000703800000|
|  57|0x0000000703900000, 0x00000007039fd818, 0x0000000703a00000| 99%| O|  |TS  0|AC  0|TAMS 0x0000000703900000, 0x0000000703900000|
|  58|0x0000000703a00000, 0x0000000703affee8, 0x0000000703b00000| 99%| O|  |TS  0|AC  0|TAMS 0x0000000703a00000, 0x0000000703a00000|
|  59|0x0000000703b00000, 0x0000000703bfffd0, 0x0000000703c00000| 99%| O|  |TS  0|AC  0|TAMS 0x0000000703b00000, 0x0000000703b00000|
|  60|0x0000000703c00000, 0x0000000703d00000, 0x0000000703d00000|100%| O|  |TS  0|AC  0|TAMS 0x0000000703c00000, 0x0000000703c00000|
|  61|0x0000000703d00000, 0x0000000703e00000, 0x0000000703e00000|100%|HS|  |TS  0|AC  0|TAMS 0x0000000703d00000, 0x0000000703d00000|
|  62|0x0000000703e00000, 0x0000000703f00000, 0x0000000703f00000|100%|HC|  |TS  0|AC  0|TAMS 0x0000000703e00000, 0x0000000703e00000|
|  63|0x0000000703f00000, 0x0000000703fffff8, 0x0000000704000000| 99%| O|  |TS  0|AC  0|TAMS 0x0000000703f00000, 0x0000000703f00000|
|  64|0x0000000704000000, 0x00000007040ffff0, 0x0000000704100000| 99%| O|  |TS  0|AC  0|TAMS 0x0000000704000000, 0x0000000704000000|
|  65|0x0000000704100000, 0x0000000704200000, 0x0000000704200000|100%| O|  |TS  0|AC  0|TAMS 0x0000000704100000, 0x0000000704100000|
|  66|0x0000000704200000, 0x00000007042ffff8, 0x0000000704300000| 99%| O|  |TS  0|AC  0|TAMS 0x0000000704200000, 0x0000000704200000|
|  67|0x0000000704300000, 0x00000007043fffe8, 0x0000000704400000| 99%| O|  |TS  0|AC  0|TAMS 0x0000000704300000, 0x0000000704300000|
|  68|0x0000000704400000, 0x00000007044530e0, 0x0000000704500000| 32%| O|  |TS  0|AC  0|TAMS 0x0000000704400000, 0x0000000704400000|
|  69|0x0000000704500000, 0x0000000704500000, 0x0000000704600000|  0%| F|  |TS  0|AC  0|TAMS 0x0000000704500000, 0x0000000704500000|
|  70|0x0000000704600000, 0x0000000704600000, 0x0000000704700000|  0%| F|  |TS  0|AC  0|TAMS 0x0000000704600000, 0x0000000704600000|
|  71|0x0000000704700000, 0x0000000704700000, 0x0000000704800000|  0%| F|  |TS  0|AC  0|TAMS 0x0000000704700000, 0x0000000704700000|
|  72|0x0000000704800000, 0x0000000704800000, 0x0000000704900000|  0%| F|  |TS  0|AC  0|TAMS 0x0000000704800000, 0x0000000704800000|
|  73|0x0000000704900000, 0x0000000704900000, 0x0000000704a00000|  0%| F|  |TS  0|AC  0|TAMS 0x0000000704900000, 0x0000000704900000|
|  74|0x0000000704a00000, 0x0000000704a00000, 0x0000000704b00000|  0%| F|  |TS  0|AC  0|TAMS 0x0000000704a00000, 0x0000000704a00000|
|  75|0x0000000704b00000, 0x0000000704b00000, 0x0000000704c00000|  0%| F|  |TS  0|AC  0|TAMS 0x0000000704b00000, 0x0000000704b00000|
|  76|0x0000000704c00000, 0x0000000704d00000, 0x0000000704d00000|100%|HS|  |TS  0|AC  0|TAMS 0x0000000704c00000, 0x0000000704c00000|
|  77|0x0000000704d00000, 0x0000000704d00000, 0x0000000704e00000|  0%| F|  |TS  0|AC  0|TAMS 0x0000000704d00000, 0x0000000704d00000|
|  78|0x0000000704e00000, 0x0000000704e00000, 0x0000000704f00000|  0%| F|  |TS  0|AC  0|TAMS 0x0000000704e00000, 0x0000000704e00000|
|  79|0x0000000704f00000, 0x0000000704f00000, 0x0000000705000000|  0%| F|  |TS  0|AC  0|TAMS 0x0000000704f00000, 0x0000000704f00000|
|  80|0x0000000705000000, 0x0000000705000000, 0x0000000705100000|  0%| F|  |TS  0|AC  0|TAMS 0x0000000705000000, 0x0000000705000000|
|  81|0x0000000705100000, 0x0000000705100000, 0x0000000705200000|  0%| F|  |TS  0|AC  0|TAMS 0x0000000705100000, 0x0000000705100000|
|  82|0x0000000705200000, 0x0000000705200000, 0x0000000705300000|  0%| F|  |TS  0|AC  0|TAMS 0x0000000705200000, 0x0000000705200000|
|  83|0x0000000705300000, 0x0000000705300000, 0x0000000705400000|  0%| F|  |TS  0|AC  0|TAMS 0x0000000705300000, 0x0000000705300000|
|  84|0x0000000705400000, 0x0000000705500000, 0x0000000705500000|100%|HS|  |TS  0|AC  0|TAMS 0x0000000705400000, 0x0000000705400000|
|  85|0x0000000705500000, 0x0000000705600000, 0x0000000705600000|100%|HC|  |TS  0|AC  0|TAMS 0x0000000705500000, 0x0000000705500000|
|  86|0x0000000705600000, 0x0000000705700000, 0x0000000705700000|100%|HC|  |TS  0|AC  0|TAMS 0x0000000705600000, 0x0000000705600000|
|  87|0x0000000705700000, 0x0000000705800000, 0x0000000705800000|100%|HC|  |TS  0|AC  0|TAMS 0x0000000705700000, 0x0000000705700000|
|  88|0x0000000705800000, 0x0000000705900000, 0x0000000705900000|100%|HC|  |TS  0|AC  0|TAMS 0x0000000705800000, 0x0000000705800000|
|  89|0x0000000705900000, 0x0000000705a00000, 0x0000000705a00000|100%|HC|  |TS  0|AC  0|TAMS 0x0000000705900000, 0x0000000705900000|
|  90|0x0000000705a00000, 0x0000000705b00000, 0x0000000705b00000|100%|HC|  |TS  0|AC  0|TAMS 0x0000000705a00000, 0x0000000705a00000|
|  91|0x0000000705b00000, 0x0000000705c00000, 0x0000000705c00000|100%|HC|  |TS  0|AC  0|TAMS 0x0000000705b00000, 0x0000000705b00000|
|  92|0x0000000705c00000, 0x0000000705d00000, 0x0000000705d00000|100%|HS|  |TS  0|AC  0|TAMS 0x0000000705c00000, 0x0000000705c00000|
|  93|0x0000000705d00000, 0x0000000705e00000, 0x0000000705e00000|100%|HC|  |TS  0|AC  0|TAMS 0x0000000705d00000, 0x0000000705d00000|
|  94|0x0000000705e00000, 0x0000000705f00000, 0x0000000705f00000|100%|HC|  |TS  0|AC  0|TAMS 0x0000000705e00000, 0x0000000705e00000|
|  95|0x0000000705f00000, 0x0000000706000000, 0x0000000706000000|100%|HC|  |TS  0|AC  0|TAMS 0x0000000705f00000, 0x0000000705f00000|
|  96|0x0000000706000000, 0x0000000706100000, 0x0000000706100000|100%|HC|  |TS  0|AC  0|TAMS 0x0000000706000000, 0x0000000706000000|
|  97|0x0000000706100000, 0x0000000706200000, 0x0000000706200000|100%|HC|  |TS  0|AC  0|TAMS 0x0000000706100000, 0x0000000706100000|
|  98|0x0000000706200000, 0x0000000706300000, 0x0000000706300000|100%|HC|  |TS  0|AC  0|TAMS 0x0000000706200000, 0x0000000706200000|
|  99|0x0000000706300000, 0x0000000706400000, 0x0000000706400000|100%|HC|  |TS  0|AC  0|TAMS 0x0000000706300000, 0x0000000706300000|
| 100|0x0000000706400000, 0x0000000706400000, 0x0000000706500000|  0%| F|  |TS  0|AC  0|TAMS 0x0000000706400000, 0x0000000706400000|
| 101|0x0000000706500000, 0x0000000706500000, 0x0000000706600000|  0%| F|  |TS  0|AC  0|TAMS 0x0000000706500000, 0x0000000706500000|
| 102|0x0000000706600000, 0x0000000706600000, 0x0000000706700000|  0%| F|  |TS  0|AC  0|TAMS 0x0000000706600000, 0x0000000706600000|
| 103|0x0000000706700000, 0x0000000706700000, 0x0000000706800000|  0%| F|  |TS  0|AC  0|TAMS 0x0000000706700000, 0x0000000706700000|
| 104|0x0000000706800000, 0x0000000706800000, 0x0000000706900000|  0%| F|  |TS  0|AC  0|TAMS 0x0000000706800000, 0x0000000706800000|
| 105|0x0000000706900000, 0x0000000706900000, 0x0000000706a00000|  0%| F|  |TS  0|AC  0|TAMS 0x0000000706900000, 0x0000000706900000|
| 106|0x0000000706a00000, 0x0000000706a00000, 0x0000000706b00000|  0%| F|  |TS  0|AC  0|TAMS 0x0000000706a00000, 0x0000000706a00000|
| 107|0x0000000706b00000, 0x0000000706b00000, 0x0000000706c00000|  0%| F|  |TS  0|AC  0|TAMS 0x0000000706b00000, 0x0000000706b00000|
| 108|0x0000000706c00000, 0x0000000706c00000, 0x0000000706d00000|  0%| F|  |TS  0|AC  0|TAMS 0x0000000706c00000, 0x0000000706c00000|
| 109|0x0000000706d00000, 0x0000000706d00000, 0x0000000706e00000|  0%| F|  |TS  0|AC  0|TAMS 0x0000000706d00000, 0x0000000706d00000|
| 110|0x0000000706e00000, 0x0000000706e00000, 0x0000000706f00000|  0%| F|  |TS  0|AC  0|TAMS 0x0000000706e00000, 0x0000000706e00000|
| 111|0x0000000706f00000, 0x0000000706f00000, 0x0000000707000000|  0%| F|  |TS  0|AC  0|TAMS 0x0000000706f00000, 0x0000000706f00000|
| 112|0x0000000707000000, 0x0000000707000000, 0x0000000707100000|  0%| F|  |TS  0|AC  0|TAMS 0x0000000707000000, 0x0000000707000000|
| 113|0x0000000707100000, 0x0000000707100000, 0x0000000707200000|  0%| F|  |TS  0|AC  0|TAMS 0x0000000707100000, 0x0000000707100000|
| 114|0x0000000707200000, 0x0000000707200000, 0x0000000707300000|  0%| F|  |TS  0|AC  0|TAMS 0x0000000707200000, 0x0000000707200000|
| 115|0x0000000707300000, 0x0000000707300000, 0x0000000707400000|  0%| F|  |TS  0|AC  0|TAMS 0x0000000707300000, 0x0000000707300000|
| 116|0x0000000707400000, 0x0000000707400000, 0x0000000707500000|  0%| F|  |TS  0|AC  0|TAMS 0x0000000707400000, 0x0000000707400000|
| 117|0x0000000707500000, 0x0000000707500000, 0x0000000707600000|  0%| F|  |TS  0|AC  0|TAMS 0x0000000707500000, 0x0000000707500000|
| 118|0x0000000707600000, 0x0000000707600000, 0x0000000707700000|  0%| F|  |TS  0|AC  0|TAMS 0x0000000707600000, 0x0000000707600000|
| 119|0x0000000707700000, 0x0000000707700000, 0x0000000707800000|  0%| F|  |TS  0|AC  0|TAMS 0x0000000707700000, 0x0000000707700000|
| 120|0x0000000707800000, 0x0000000707800000, 0x0000000707900000|  0%| F|  |TS  0|AC  0|TAMS 0x0000000707800000, 0x0000000707800000|
| 121|0x0000000707900000, 0x0000000707900000, 0x0000000707a00000|  0%| F|  |TS  0|AC  0|TAMS 0x0000000707900000, 0x0000000707900000|
| 122|0x0000000707a00000, 0x0000000707a00000, 0x0000000707b00000|  0%| F|  |TS  0|AC  0|TAMS 0x0000000707a00000, 0x0000000707a00000|
| 123|0x0000000707b00000, 0x0000000707b00000, 0x0000000707c00000|  0%| F|  |TS  0|AC  0|TAMS 0x0000000707b00000, 0x0000000707b00000|
| 124|0x0000000707c00000, 0x0000000707c00000, 0x0000000707d00000|  0%| F|  |TS  0|AC  0|TAMS 0x0000000707c00000, 0x0000000707c00000|
| 125|0x0000000707d00000, 0x0000000707d00000, 0x0000000707e00000|  0%| F|  |TS  0|AC  0|TAMS 0x0000000707d00000, 0x0000000707d00000|
| 126|0x0000000707e00000, 0x0000000707e00000, 0x0000000707f00000|  0%| F|  |TS  0|AC  0|TAMS 0x0000000707e00000, 0x0000000707e00000|
| 127|0x0000000707f00000, 0x0000000707f00000, 0x0000000708000000|  0%| F|  |TS  0|AC  0|TAMS 0x0000000707f00000, 0x0000000707f00000|
| 128|0x0000000708000000, 0x0000000708000000, 0x0000000708100000|  0%| F|  |TS  0|AC  0|TAMS 0x0000000708000000, 0x0000000708000000|
| 129|0x0000000708100000, 0x0000000708100000, 0x0000000708200000|  0%| F|  |TS  0|AC  0|TAMS 0x0000000708100000, 0x0000000708100000|
| 130|0x0000000708200000, 0x0000000708200000, 0x0000000708300000|  0%| F|  |TS  0|AC  0|TAMS 0x0000000708200000, 0x0000000708200000|
| 131|0x0000000708300000, 0x0000000708300000, 0x0000000708400000|  0%| F|  |TS  0|AC  0|TAMS 0x0000000708300000, 0x0000000708300000|
| 132|0x0000000708400000, 0x0000000708400000, 0x0000000708500000|  0%| F|  |TS  0|AC  0|TAMS 0x0000000708400000, 0x0000000708400000|
| 133|0x0000000708500000, 0x0000000708500000, 0x0000000708600000|  0%| F|  |TS  0|AC  0|TAMS 0x0000000708500000, 0x0000000708500000|
| 134|0x0000000708600000, 0x0000000708600000, 0x0000000708700000|  0%| F|  |TS  0|AC  0|TAMS 0x0000000708600000, 0x0000000708600000|
| 135|0x0000000708700000, 0x0000000708700000, 0x0000000708800000|  0%| F|  |TS  0|AC  0|TAMS 0x0000000708700000, 0x0000000708700000|
| 136|0x0000000708800000, 0x0000000708800000, 0x0000000708900000|  0%| F|  |TS  0|AC  0|TAMS 0x0000000708800000, 0x0000000708800000|
| 137|0x0000000708900000, 0x0000000708900000, 0x0000000708a00000|  0%| F|  |TS  0|AC  0|TAMS 0x0000000708900000, 0x0000000708900000|
| 138|0x0000000708a00000, 0x0000000708a00000, 0x0000000708b00000|  0%| F|  |TS  0|AC  0|TAMS 0x0000000708a00000, 0x0000000708a00000|
| 139|0x0000000708b00000, 0x0000000708b00000, 0x0000000708c00000|  0%| F|  |TS  0|AC  0|TAMS 0x0000000708b00000, 0x0000000708b00000|
| 140|0x0000000708c00000, 0x0000000708c00000, 0x0000000708d00000|  0%| F|  |TS  0|AC  0|TAMS 0x0000000708c00000, 0x0000000708c00000|
| 141|0x0000000708d00000, 0x0000000708d00000, 0x0000000708e00000|  0%| F|  |TS  0|AC  0|TAMS 0x0000000708d00000, 0x0000000708d00000|
| 142|0x0000000708e00000, 0x0000000708e00000, 0x0000000708f00000|  0%| F|  |TS  0|AC  0|TAMS 0x0000000708e00000, 0x0000000708e00000|
| 143|0x0000000708f00000, 0x0000000708f00000, 0x0000000709000000|  0%| F|  |TS  0|AC  0|TAMS 0x0000000708f00000, 0x0000000708f00000|
| 144|0x0000000709000000, 0x0000000709000000, 0x0000000709100000|  0%| F|  |TS  0|AC  0|TAMS 0x0000000709000000, 0x0000000709000000|
| 145|0x0000000709100000, 0x0000000709100000, 0x0000000709200000|  0%| F|  |TS  0|AC  0|TAMS 0x0000000709100000, 0x0000000709100000|
| 146|0x0000000709200000, 0x0000000709200000, 0x0000000709300000|  0%| F|  |TS  0|AC  0|TAMS 0x0000000709200000, 0x0000000709200000|
| 147|0x0000000709300000, 0x0000000709300000, 0x0000000709400000|  0%| F|  |TS  0|AC  0|TAMS 0x0000000709300000, 0x0000000709300000|
| 148|0x0000000709400000, 0x0000000709400000, 0x0000000709500000|  0%| F|  |TS  0|AC  0|TAMS 0x0000000709400000, 0x0000000709400000|
| 149|0x0000000709500000, 0x0000000709500000, 0x0000000709600000|  0%| F|  |TS  0|AC  0|TAMS 0x0000000709500000, 0x0000000709500000|
| 150|0x0000000709600000, 0x0000000709600000, 0x0000000709700000|  0%| F|  |TS  0|AC  0|TAMS 0x0000000709600000, 0x0000000709600000|
| 151|0x0000000709700000, 0x0000000709700000, 0x0000000709800000|  0%| F|  |TS  0|AC  0|TAMS 0x0000000709700000, 0x0000000709700000|
| 152|0x0000000709800000, 0x0000000709800000, 0x0000000709900000|  0%| F|  |TS  0|AC  0|TAMS 0x0000000709800000, 0x0000000709800000|
| 153|0x0000000709900000, 0x0000000709900000, 0x0000000709a00000|  0%| F|  |TS  0|AC  0|TAMS 0x0000000709900000, 0x0000000709900000|
| 154|0x0000000709a00000, 0x0000000709a00000, 0x0000000709b00000|  0%| F|  |TS  0|AC  0|TAMS 0x0000000709a00000, 0x0000000709a00000|
| 155|0x0000000709b00000, 0x0000000709b00000, 0x0000000709c00000|  0%| F|  |TS  0|AC  0|TAMS 0x0000000709b00000, 0x0000000709b00000|
| 156|0x0000000709c00000, 0x0000000709c00000, 0x0000000709d00000|  0%| F|  |TS  0|AC  0|TAMS 0x0000000709c00000, 0x0000000709c00000|
| 157|0x0000000709d00000, 0x0000000709d00000, 0x0000000709e00000|  0%| F|  |TS  0|AC  0|TAMS 0x0000000709d00000, 0x0000000709d00000|
| 158|0x0000000709e00000, 0x0000000709e00000, 0x0000000709f00000|  0%| F|  |TS  0|AC  0|TAMS 0x0000000709e00000, 0x0000000709e00000|
| 159|0x0000000709f00000, 0x0000000709f00000, 0x000000070a000000|  0%| F|  |TS  0|AC  0|TAMS 0x0000000709f00000, 0x0000000709f00000|
| 160|0x000000070a000000, 0x000000070a0acbb0, 0x000000070a100000| 67%| S|CS|TS  1|AC  0|TAMS 0x000000070a000000, 0x000000070a000000|
| 161|0x000000070a100000, 0x000000070a200000, 0x000000070a200000|100%| S|CS|TS  1|AC  0|TAMS 0x000000070a100000, 0x000000070a100000|
| 162|0x000000070a200000, 0x000000070a200000, 0x000000070a300000|  0%| F|  |TS  1|AC  0|TAMS 0x000000070a200000, 0x000000070a200000|
| 163|0x000000070a300000, 0x000000070a300000, 0x000000070a400000|  0%| F|  |TS  1|AC  0|TAMS 0x000000070a300000, 0x000000070a300000|
| 164|0x000000070a400000, 0x000000070a400000, 0x000000070a500000|  0%| F|  |TS  1|AC  0|TAMS 0x000000070a400000, 0x000000070a400000|
| 165|0x000000070a500000, 0x000000070a500000, 0x000000070a600000|  0%| F|  |TS  1|AC  0|TAMS 0x000000070a500000, 0x000000070a500000|
| 166|0x000000070a600000, 0x000000070a600000, 0x000000070a700000|  0%| F|  |TS  1|AC  0|TAMS 0x000000070a600000, 0x000000070a600000|
| 167|0x000000070a700000, 0x000000070a700000, 0x000000070a800000|  0%| F|  |TS  1|AC  0|TAMS 0x000000070a700000, 0x000000070a700000|
| 168|0x000000070a800000, 0x000000070a800000, 0x000000070a900000|  0%| F|  |TS  1|AC  0|TAMS 0x000000070a800000, 0x000000070a800000|
| 169|0x000000070a900000, 0x000000070a900000, 0x000000070aa00000|  0%| F|  |TS  1|AC  0|TAMS 0x000000070a900000, 0x000000070a900000|
| 170|0x000000070aa00000, 0x000000070aa00000, 0x000000070ab00000|  0%| F|  |TS  1|AC  0|TAMS 0x000000070aa00000, 0x000000070aa00000|
| 171|0x000000070ab00000, 0x000000070ab00000, 0x000000070ac00000|  0%| F|  |TS  1|AC  0|TAMS 0x000000070ab00000, 0x000000070ab00000|
| 172|0x000000070ac00000, 0x000000070ac00000, 0x000000070ad00000|  0%| F|  |TS  1|AC  0|TAMS 0x000000070ac00000, 0x000000070ac00000|
| 173|0x000000070ad00000, 0x000000070ad00000, 0x000000070ae00000|  0%| F|  |TS  1|AC  0|TAMS 0x000000070ad00000, 0x000000070ad00000|
| 174|0x000000070ae00000, 0x000000070ae00000, 0x000000070af00000|  0%| F|  |TS  1|AC  0|TAMS 0x000000070ae00000, 0x000000070ae00000|
| 175|0x000000070af00000, 0x000000070af00000, 0x000000070b000000|  0%| F|  |TS  1|AC  0|TAMS 0x000000070af00000, 0x000000070af00000|
| 176|0x000000070b000000, 0x000000070b000000, 0x000000070b100000|  0%| F|  |TS  1|AC  0|TAMS 0x000000070b000000, 0x000000070b000000|
| 177|0x000000070b100000, 0x000000070b100000, 0x000000070b200000|  0%| F|  |TS  1|AC  0|TAMS 0x000000070b100000, 0x000000070b100000|
| 178|0x000000070b200000, 0x000000070b200000, 0x000000070b300000|  0%| F|  |TS  1|AC  0|TAMS 0x000000070b200000, 0x000000070b200000|
| 179|0x000000070b300000, 0x000000070b300000, 0x000000070b400000|  0%| F|  |TS  1|AC  0|TAMS 0x000000070b300000, 0x000000070b300000|
| 180|0x000000070b400000, 0x000000070b400000, 0x000000070b500000|  0%| F|  |TS  1|AC  0|TAMS 0x000000070b400000, 0x000000070b400000|
| 181|0x000000070b500000, 0x000000070b500000, 0x000000070b600000|  0%| F|  |TS  1|AC  0|TAMS 0x000000070b500000, 0x000000070b500000|
| 182|0x000000070b600000, 0x000000070b600000, 0x000000070b700000|  0%| F|  |TS  1|AC  0|TAMS 0x000000070b600000, 0x000000070b600000|
| 183|0x000000070b700000, 0x000000070b700000, 0x000000070b800000|  0%| F|  |TS  1|AC  0|TAMS 0x000000070b700000, 0x000000070b700000|
| 184|0x000000070b800000, 0x000000070b800000, 0x000000070b900000|  0%| F|  |TS  1|AC  0|TAMS 0x000000070b800000, 0x000000070b800000|
| 185|0x000000070b900000, 0x000000070b900000, 0x000000070ba00000|  0%| F|  |TS  1|AC  0|TAMS 0x000000070b900000, 0x000000070b900000|
| 186|0x000000070ba00000, 0x000000070ba00000, 0x000000070bb00000|  0%| F|  |TS  1|AC  0|TAMS 0x000000070ba00000, 0x000000070ba00000|
| 187|0x000000070bb00000, 0x000000070bb00000, 0x000000070bc00000|  0%| F|  |TS  1|AC  0|TAMS 0x000000070bb00000, 0x000000070bb00000|
| 188|0x000000070bc00000, 0x000000070bc00000, 0x000000070bd00000|  0%| F|  |TS  1|AC  0|TAMS 0x000000070bc00000, 0x000000070bc00000|
| 189|0x000000070bd00000, 0x000000070bd00000, 0x000000070be00000|  0%| F|  |TS  1|AC  0|TAMS 0x000000070bd00000, 0x000000070bd00000|
| 190|0x000000070be00000, 0x000000070be00000, 0x000000070bf00000|  0%| F|  |TS  1|AC  0|TAMS 0x000000070be00000, 0x000000070be00000|
| 191|0x000000070bf00000, 0x000000070bf00000, 0x000000070c000000|  0%| F|  |TS  1|AC  0|TAMS 0x000000070bf00000, 0x000000070bf00000|
| 192|0x000000070c000000, 0x000000070c000000, 0x000000070c100000|  0%| F|  |TS  1|AC  0|TAMS 0x000000070c000000, 0x000000070c000000|
| 193|0x000000070c100000, 0x000000070c200000, 0x000000070c200000|100%| E|  |TS  1|AC  0|TAMS 0x000000070c100000, 0x000000070c100000|
| 194|0x000000070c200000, 0x000000070c300000, 0x000000070c300000|100%| E|CS|TS  1|AC  0|TAMS 0x000000070c200000, 0x000000070c200000|
| 195|0x000000070c300000, 0x000000070c400000, 0x000000070c400000|100%| E|CS|TS  1|AC  0|TAMS 0x000000070c300000, 0x000000070c300000|
| 196|0x000000070c400000, 0x000000070c500000, 0x000000070c500000|100%| E|CS|TS  1|AC  0|TAMS 0x000000070c400000, 0x000000070c400000|
| 197|0x000000070c500000, 0x000000070c600000, 0x000000070c600000|100%| E|CS|TS  1|AC  0|TAMS 0x000000070c500000, 0x000000070c500000|
| 198|0x000000070c600000, 0x000000070c700000, 0x000000070c700000|100%| E|CS|TS  1|AC  0|TAMS 0x000000070c600000, 0x000000070c600000|
| 199|0x000000070c700000, 0x000000070c800000, 0x000000070c800000|100%| E|CS|TS  1|AC  0|TAMS 0x000000070c700000, 0x000000070c700000|
| 200|0x000000070c800000, 0x000000070c900000, 0x000000070c900000|100%| E|CS|TS  1|AC  0|TAMS 0x000000070c800000, 0x000000070c800000|
| 201|0x000000070c900000, 0x000000070ca00000, 0x000000070ca00000|100%| E|CS|TS  1|AC  0|TAMS 0x000000070c900000, 0x000000070c900000|
| 202|0x000000070ca00000, 0x000000070cb00000, 0x000000070cb00000|100%| E|CS|TS  1|AC  0|TAMS 0x000000070ca00000, 0x000000070ca00000|
| 203|0x000000070cb00000, 0x000000070cc00000, 0x000000070cc00000|100%| E|CS|TS  1|AC  0|TAMS 0x000000070cb00000, 0x000000070cb00000|
| 204|0x000000070cc00000, 0x000000070cd00000, 0x000000070cd00000|100%| E|CS|TS  1|AC  0|TAMS 0x000000070cc00000, 0x000000070cc00000|
| 205|0x000000070cd00000, 0x000000070ce00000, 0x000000070ce00000|100%| E|CS|TS  1|AC  0|TAMS 0x000000070cd00000, 0x000000070cd00000|
| 206|0x000000070ce00000, 0x000000070cf00000, 0x000000070cf00000|100%| E|CS|TS  1|AC  0|TAMS 0x000000070ce00000, 0x000000070ce00000|
| 207|0x000000070cf00000, 0x000000070d000000, 0x000000070d000000|100%| E|CS|TS  1|AC  0|TAMS 0x000000070cf00000, 0x000000070cf00000|
| 208|0x000000070d000000, 0x000000070d100000, 0x000000070d100000|100%| E|CS|TS  1|AC  0|TAMS 0x000000070d000000, 0x000000070d000000|
| 209|0x000000070d100000, 0x000000070d200000, 0x000000070d200000|100%| E|CS|TS  1|AC  0|TAMS 0x000000070d100000, 0x000000070d100000|
| 210|0x000000070d200000, 0x000000070d300000, 0x000000070d300000|100%| E|CS|TS  1|AC  0|TAMS 0x000000070d200000, 0x000000070d200000|
| 211|0x000000070d300000, 0x000000070d400000, 0x000000070d400000|100%| E|CS|TS  1|AC  0|TAMS 0x000000070d300000, 0x000000070d300000|
| 212|0x000000070d400000, 0x000000070d500000, 0x000000070d500000|100%| E|CS|TS  1|AC  0|TAMS 0x000000070d400000, 0x000000070d400000|
| 213|0x000000070d500000, 0x000000070d600000, 0x000000070d600000|100%| E|CS|TS  1|AC  0|TAMS 0x000000070d500000, 0x000000070d500000|
| 214|0x000000070d600000, 0x000000070d700000, 0x000000070d700000|100%| E|CS|TS  1|AC  0|TAMS 0x000000070d600000, 0x000000070d600000|
| 215|0x000000070d700000, 0x000000070d800000, 0x000000070d800000|100%| E|CS|TS  1|AC  0|TAMS 0x000000070d700000, 0x000000070d700000|
| 216|0x000000070d800000, 0x000000070d900000, 0x000000070d900000|100%| E|CS|TS  1|AC  0|TAMS 0x000000070d800000, 0x000000070d800000|
| 217|0x000000070d900000, 0x000000070da00000, 0x000000070da00000|100%| E|CS|TS  1|AC  0|TAMS 0x000000070d900000, 0x000000070d900000|
| 218|0x000000070da00000, 0x000000070db00000, 0x000000070db00000|100%| E|CS|TS  1|AC  0|TAMS 0x000000070da00000, 0x000000070da00000|
| 219|0x000000070db00000, 0x000000070dc00000, 0x000000070dc00000|100%| E|CS|TS  1|AC  0|TAMS 0x000000070db00000, 0x000000070db00000|
| 220|0x000000070dc00000, 0x000000070dd00000, 0x000000070dd00000|100%| E|CS|TS  1|AC  0|TAMS 0x000000070dc00000, 0x000000070dc00000|
| 221|0x000000070dd00000, 0x000000070de00000, 0x000000070de00000|100%| E|CS|TS  1|AC  0|TAMS 0x000000070dd00000, 0x000000070dd00000|

Card table byte_map: [0x000002875f9b0000,0x000002875ffb0000] byte_map_base: 0x000002875c1b0000

Marking Bits (Prev, Next): (CMBitMap*) 0x0000028746f22938, (CMBitMap*) 0x0000028746f22900
 Prev Bits: [0x00000287635b0000, 0x00000287665b0000)
 Next Bits: [0x00000287605b0000, 0x00000287635b0000)

Polling page: 0x000002873d5a0000

CodeHeap 'non-profiled nmethods': size=119168Kb used=21135Kb max_used=24706Kb free=98032Kb
 bounds [0x0000028757f50000, 0x0000028759780000, 0x000002875f3b0000]
CodeHeap 'profiled nmethods': size=119168Kb used=44108Kb max_used=49728Kb free=75059Kb
 bounds [0x0000028750af0000, 0x0000028753bc0000, 0x0000028757f50000]
CodeHeap 'non-nmethods': size=7424Kb used=3547Kb max_used=3587Kb free=3876Kb
 bounds [0x00000287503b0000, 0x0000028750740000, 0x0000028750af0000]
 total_blobs=35637 nmethods=18256 adapters=1231
 compilation: enabled

Compilation events (10 events):
Event: 4472.658 Thread 0x0000028746e41000 24298       4       java.awt.Component::setForeground (45 bytes)
Event: 4472.660 Thread 0x0000028746e41000 nmethod 24298 0x000002875859f590 code [0x000002875859f720, 0x000002875859f938]
Event: 4472.665 Thread 0x0000028748ff2000 24299       4       com.google.protobuf.CodedOutputStream::computeUInt32SizeNoTag (39 bytes)
Event: 4472.665 Thread 0x0000028748ff2000 nmethod 24299 0x0000028758571890 code [0x0000028758571a20, 0x0000028758571a98]
Event: 4472.666 Thread 0x0000028748fed800 24300       4       com.jidesoft.grid.JideTable::getRowHeight (86 bytes)
Event: 4472.670 Thread 0x0000028748fed800 nmethod 24300 0x000002875859eb10 code [0x000002875859ece0, 0x000002875859f1f0]
Event: 4472.680 Thread 0x0000028746e44000 24301       3       com.google.protobuf.UnknownFieldSet$Builder::hasField (44 bytes)
Event: 4472.680 Thread 0x0000028746e44000 nmethod 24301 0x00000287513b2b90 code [0x00000287513b2da0, 0x00000287513b33e0]
Event: 4472.757 Thread 0x0000028746e42800 24302       3       com.jidesoft.plaf.basic.BasicCellStyleTableHeaderUIDelegate::a (65 bytes)
Event: 4472.757 Thread 0x0000028746e42800 nmethod 24302 0x00000287513df010 code [0x00000287513df220, 0x00000287513dfcc0]

GC Heap History (10 events):
Event: 4438.544 GC heap before
{Heap before GC invocations=337 (full 5):
 garbage-first heap   total 227328K, used 147019K [0x0000000700000000, 0x00000007001006f0, 0x00000007c0000000)
  region size 1024K, 60 young (61440K), 7 survivors (7168K)
 Metaspace       used 87385K, capacity 90243K, committed 94976K, reserved 1130496K
  class space    used 11756K, capacity 12326K, committed 13312K, reserved 1048576K
}
Event: 4438.549 GC heap after
{Heap after GC invocations=338 (full 5):
 garbage-first heap   total 227328K, used 92193K [0x0000000700000000, 0x00000007001006f0, 0x00000007c0000000)
  region size 1024K, 4 young (4096K), 4 survivors (4096K)
 Metaspace       used 87385K, capacity 90243K, committed 94976K, reserved 1130496K
  class space    used 11756K, capacity 12326K, committed 13312K, reserved 1048576K
}
Event: 4466.811 GC heap before
{Heap before GC invocations=338 (full 5):
 garbage-first heap   total 227328K, used 149537K [0x0000000700000000, 0x00000007001006f0, 0x00000007c0000000)
  region size 1024K, 60 young (61440K), 4 survivors (4096K)
 Metaspace       used 87397K, capacity 90243K, committed 94976K, reserved 1130496K
  class space    used 11756K, capacity 12326K, committed 13312K, reserved 1048576K
}
Event: 4466.815 GC heap after
{Heap after GC invocations=339 (full 5):
 garbage-first heap   total 227328K, used 91307K [0x0000000700000000, 0x00000007001006f0, 0x00000007c0000000)
  region size 1024K, 3 young (3072K), 3 survivors (3072K)
 Metaspace       used 87397K, capacity 90243K, committed 94976K, reserved 1130496K
  class space    used 11756K, capacity 12326K, committed 13312K, reserved 1048576K
}
Event: 4467.611 GC heap before
{Heap before GC invocations=339 (full 5):
 garbage-first heap   total 227328K, used 149675K [0x0000000700000000, 0x00000007001006f0, 0x00000007c0000000)
  region size 1024K, 60 young (61440K), 3 survivors (3072K)
 Metaspace       used 87406K, capacity 90243K, committed 94976K, reserved 1130496K
  class space    used 11757K, capacity 12326K, committed 13312K, reserved 1048576K
}
Event: 4467.614 GC heap after
{Heap after GC invocations=340 (full 5):
 garbage-first heap   total 227328K, used 91446K [0x0000000700000000, 0x00000007001006f0, 0x00000007c0000000)
  region size 1024K, 4 young (4096K), 4 survivors (4096K)
 Metaspace       used 87406K, capacity 90243K, committed 94976K, reserved 1130496K
  class space    used 11757K, capacity 12326K, committed 13312K, reserved 1048576K
}
Event: 4468.841 GC heap before
{Heap before GC invocations=340 (full 5):
 garbage-first heap   total 227328K, used 122166K [0x0000000700000000, 0x00000007001006f0, 0x00000007c0000000)
  region size 1024K, 35 young (35840K), 4 survivors (4096K)
 Metaspace       used 87453K, capacity 90313K, committed 95232K, reserved 1130496K
  class space    used 11758K, capacity 12327K, committed 13312K, reserved 1048576K
}
Event: 4469.094 GC heap after
{Heap after GC invocations=341 (full 6):
 garbage-first heap   total 227328K, used 87049K [0x0000000700000000, 0x00000007001006f0, 0x00000007c0000000)
  region size 1024K, 0 young (0K), 0 survivors (0K)
 Metaspace       used 87453K, capacity 90313K, committed 95232K, reserved 1130496K
  class space    used 11758K, capacity 12327K, committed 13312K, reserved 1048576K
}
Event: 4469.995 GC heap before
{Heap before GC invocations=341 (full 6):
 garbage-first heap   total 227328K, used 148489K [0x0000000700000000, 0x00000007001006f0, 0x00000007c0000000)
  region size 1024K, 60 young (61440K), 0 survivors (0K)
 Metaspace       used 88108K, capacity 91433K, committed 95360K, reserved 1130496K
  class space    used 11892K, capacity 12547K, committed 13440K, reserved 1048576K
}
Event: 4469.998 GC heap after
{Heap after GC invocations=342 (full 6):
 garbage-first heap   total 227328K, used 88764K [0x0000000700000000, 0x00000007001006f0, 0x00000007c0000000)
  region size 1024K, 2 young (2048K), 2 survivors (2048K)
 Metaspace       used 88108K, capacity 91433K, committed 95360K, reserved 1130496K
  class space    used 11892K, capacity 12547K, committed 13440K, reserved 1048576K
}

Deoptimization events (10 events):
Event: 4469.472 Thread 0x000002876a49f800 Uncommon trap: reason=unstable_if action=reinterpret pc=0x0000028758f77170 method=ui.utils.k.j.a.j.getTableCellRendererComponent(Ljavax/swing/JTable;Ljava/lang/Object;ZZII)Ljava/awt/Component; @ 84 c2
Event: 4469.472 Thread 0x000002876a49f800 Uncommon trap: reason=unstable_if action=reinterpret pc=0x0000028758b8c6c4 method=com.jidesoft.grid.StyledTableCellRenderer.getTableCellRendererComponent(Ljavax/swing/JTable;Ljava/lang/Object;ZZII)Ljava/awt/Component; @ 6 c2
Event: 4469.472 Thread 0x000002876a49f800 Uncommon trap: reason=unstable_if action=reinterpret pc=0x0000028758d720cc method=com.jidesoft.grid.CellStyleTable.a(IILjava/awt/Component;Lcom/jidesoft/grid/CellStyle;Z)V @ 78 c2
Event: 4469.472 Thread 0x000002876a49f800 Uncommon trap: reason=unstable_if action=reinterpret pc=0x0000028759742414 method=ui.b.c.b.A.isSelectedIndex(I)Z @ 62 c2
Event: 4469.472 Thread 0x000002876a49f800 Uncommon trap: reason=unstable_if action=reinterpret pc=0x0000028758da014c method=com.jidesoft.grid.CellStyleTable.a(Ljavax/swing/table/TableCellRenderer;IILjava/awt/Component;Z)V @ 80 c2
Event: 4469.472 Thread 0x000002876a49f800 Uncommon trap: reason=unstable_if action=reinterpret pc=0x00000287591f7a94 method=javax.swing.JComponent.getInsets(Ljava/awt/Insets;)Ljava/awt/Insets; @ 30 c2
Event: 4469.472 Thread 0x000002876a49f800 Uncommon trap: reason=unstable_if action=reinterpret pc=0x0000028758e9e644 method=javax.swing.JComponent.getInsets(Ljava/awt/Insets;)Ljava/awt/Insets; @ 30 c2
Event: 4469.501 Thread 0x000002876a49f800 Uncommon trap: reason=unstable_if action=reinterpret pc=0x0000028758d6b4f8 method=com.jidesoft.grid.JideTable.isRowSelected(I)Z @ 12 c2
Event: 4469.513 Thread 0x000002876a49f800 Uncommon trap: reason=unstable_if action=reinterpret pc=0x00000287580ac1b0 method=javax.swing.JComponent.getInsets(Ljava/awt/Insets;)Ljava/awt/Insets; @ 30 c2
Event: 4469.532 Thread 0x000002876a49f800 Uncommon trap: reason=unstable_if action=reinterpret pc=0x000002875898a06c method=com.jidesoft.grid.TableModelWrapperUtils.getRowAt(Ljavax/swing/table/TableModel;Ljavax/swing/table/TableModel;I)I @ 7 c2

Classes redefined (0 events):
No events

Internal exceptions (10 events):
Event: 4469.434 Thread 0x000002876a49f800 Exception <a 'java/lang/NoSuchMethodError'{0x000000070b366578}: java.lang.invoke.DelegatingMethodHandle$Holder.reinvoke_L(Ljava/lang/Object;Ljava/lang/Object;IILjava/lang/Object;Ljava/lang/Object;ILjava/lang/Object;II)Ljava/lang/Object;> (0x000000070b3665
Event: 4469.435 Thread 0x000002876a49f800 Exception <a 'java/lang/NoSuchMethodError'{0x000000070b3d3020}: java.lang.invoke.DirectMethodHandle$Holder.invokeSpecial(Ljava/lang/Object;Ljava/lang/Object;IIILjava/lang/Object;Ljava/lang/Object;ILjava/lang/Object;II)Ljava/lang/Object;> (0x000000070b3d30
Event: 4469.435 Thread 0x000002876a49f800 Exception <a 'java/lang/NoSuchMethodError'{0x000000070b3d6b48}: java.lang.invoke.DelegatingMethodHandle$Holder.reinvoke_L(Ljava/lang/Object;IIILjava/lang/Object;Ljava/lang/Object;ILjava/lang/Object;II)Ljava/lang/Object;> (0x000000070b3d6b48) thrown at [t:
Event: 4469.436 Thread 0x000002876a49f800 Exception <a 'java/lang/NoSuchMethodError'{0x000000070b3f4e08}: method resolution failed> (0x000000070b3f4e08) thrown at [t:/workspace/hotspot/src/share/vm/prims/methodHandles.cpp, line 1256]
Event: 4469.506 Thread 0x000002876a49f800 Exception <a 'java/lang/NoSuchMethodError'{0x000000070aca1e58}: java.lang.invoke.DirectMethodHandle$Holder.invokeSpecial(Ljava/lang/Object;Ljava/lang/Object;ILjava/lang/Object;)V> (0x000000070aca1e58) thrown at [t:/workspace/hotspot/src/share/vm/interpret
Event: 4469.506 Thread 0x000002876a49f800 Exception <a 'java/lang/NoSuchMethodError'{0x000000070aca7780}: java.lang.invoke.DirectMethodHandle$Holder.invokeStatic(Ljava/lang/Object;Ljava/lang/Object;ILjava/lang/Object;)Ljava/lang/Object;> (0x000000070aca7780) thrown at [t:/workspace/hotspot/src/sh
Event: 4471.911 Thread 0x000002876a49f800 Exception <a 'java/lang/NoSuchMethodError'{0x000000070ce7aa78}: java.lang.invoke.DirectMethodHandle$Holder.invokeSpecial(Ljava/lang/Object;Ljava/lang/Object;IILjava/lang/Object;ILjava/lang/Object;Ljava/lang/Object;Ljava/lang/Object;)Ljava/lang/Object;> (0
Event: 4471.911 Thread 0x000002876a49f800 Exception <a 'java/lang/NoSuchMethodError'{0x000000070ce7e4e8}: java.lang.invoke.DelegatingMethodHandle$Holder.reinvoke_L(Ljava/lang/Object;IILjava/lang/Object;ILjava/lang/Object;Ljava/lang/Object;Ljava/lang/Object;)Ljava/lang/Object;> (0x000000070ce7e4e8
Event: 4471.912 Thread 0x000002876a49f800 Exception <a 'java/lang/NoSuchMethodError'{0x000000070ced67d8}: method resolution failed> (0x000000070ced67d8) thrown at [t:/workspace/hotspot/src/share/vm/prims/methodHandles.cpp, line 1256]
Event: 4471.912 Thread 0x000002876a49f800 Exception <a 'java/lang/NoSuchMethodError'{0x000000070ceda4b8}: java.lang.invoke.DelegatingMethodHandle$Holder.reinvoke_L(Ljava/lang/Object;Ljava/lang/Object;ILjava/lang/Object;Ljava/lang/Object;Ljava/lang/Object;)Ljava/lang/Object;> (0x000000070ceda4b8) 

Events (10 events):
Event: 4469.532 Thread 0x000002876a49f800 DEOPT PACKING pc=0x000002875898a06c sp=0x000000c03acfc140
Event: 4469.532 Thread 0x000002876a49f800 DEOPT UNPACKING pc=0x00000287503fda29 sp=0x000000c03acfc0d0 mode 2
Event: 4469.995 Executing VM operation: G1IncCollectionPause
Event: 4469.998 Executing VM operation: G1IncCollectionPause done
Event: 4470.420 Thread 0x000002876a294800 Thread added: 0x000002876a294800
Event: 4470.424 Thread 0x000002876a294800 Thread exited: 0x000002876a294800
Event: 4471.420 Thread 0x000002876a296800 Thread added: 0x000002876a296800
Event: 4471.425 Thread 0x000002876a296800 Thread exited: 0x000002876a296800
Event: 4472.421 Thread 0x000002876a294800 Thread added: 0x000002876a294800
Event: 4472.426 Thread 0x000002876a294800 Thread exited: 0x000002876a294800


Dynamic libraries:
0x00007ff6924c0000 - 0x00007ff6924f0000 	D:\Vivado2021\Vivado\2019.2\bin\unwrapped\win64.o\vivado.exe
0x00007ffcb2cf0000 - 0x00007ffcb2ee8000 	C:\WINDOWS\SYSTEM32\ntdll.dll
0x00007ffcb1ff0000 - 0x00007ffcb20af000 	C:\WINDOWS\System32\KERNEL32.DLL
0x00007ffcb0720000 - 0x00007ffcb0a16000 	C:\WINDOWS\System32\KERNELBASE.dll
0x00007ffcb0580000 - 0x00007ffcb0680000 	C:\WINDOWS\System32\ucrtbase.dll
0x00007ffc8de10000 - 0x00007ffc8de9e000 	C:\WINDOWS\SYSTEM32\MSVCP140.dll
0x00007ffc98c80000 - 0x00007ffc98c9b000 	C:\WINDOWS\SYSTEM32\VCRUNTIME140.dll
0x00007ffca5210000 - 0x00007ffca5224000 	D:\Vivado2021\Vivado\2019.2\lib\win64.o\libboost_signals.dll
0x00007ffca8950000 - 0x00007ffca895c000 	C:\WINDOWS\SYSTEM32\VCRUNTIME140_1.dll
0x00007ffc1fc10000 - 0x00007ffc20b53000 	D:\Vivado2021\Vivado\2019.2\lib\win64.o\librdi_common.dll
0x00007ffcb1b20000 - 0x00007ffcb1cbd000 	C:\WINDOWS\System32\USER32.dll
0x00007ffcb0680000 - 0x00007ffcb06a2000 	C:\WINDOWS\System32\win32u.dll
0x00007ffca2770000 - 0x00007ffca2786000 	D:\Vivado2021\Vivado\2019.2\lib\win64.o\librdi_commonmain.dll
0x00007ffcb1a00000 - 0x00007ffcb1a2c000 	C:\WINDOWS\System32\GDI32.dll
0x00007ffcb0460000 - 0x00007ffcb0575000 	C:\WINDOWS\System32\gdi32full.dll
0x00007ffcb0a20000 - 0x00007ffcb0abd000 	C:\WINDOWS\System32\msvcp_win.dll
0x00007ffcb22d0000 - 0x00007ffcb237f000 	C:\WINDOWS\System32\ADVAPI32.dll
0x00007ffc53f90000 - 0x00007ffc542fe000 	D:\Vivado2021\Vivado\2019.2\lib\win64.o\libCOIN-all.dll
0x00007ffca1b80000 - 0x00007ffca1b94000 	D:\Vivado2021\Vivado\2019.2\lib\win64.o\libboost_date_time.dll
0x00007ffcb27a0000 - 0x00007ffcb283e000 	C:\WINDOWS\System32\msvcrt.dll
0x00007ffca0400000 - 0x00007ffca0426000 	D:\Vivado2021\Vivado\2019.2\lib\win64.o\libboost_filesystem.dll
0x00007ffcb25e0000 - 0x00007ffcb267c000 	C:\WINDOWS\System32\sechost.dll
0x00007ffcb18d0000 - 0x00007ffcb19f6000 	C:\WINDOWS\System32\RPCRT4.dll
0x00007ffcb1180000 - 0x00007ffcb18c4000 	C:\WINDOWS\System32\SHELL32.dll
0x00007ffcb0ac0000 - 0x00007ffcb0ae7000 	C:\WINDOWS\System32\bcrypt.dll
0x00007ffc8dd90000 - 0x00007ffc8de0f000 	D:\Vivado2021\Vivado\2019.2\lib\win64.o\libboost_program_options.dll
0x00007ffca8940000 - 0x00007ffca894b000 	D:\Vivado2021\Vivado\2019.2\lib\win64.o\libboost_system.dll
0x00007ffc6df80000 - 0x00007ffc6e094000 	D:\Vivado2021\Vivado\2019.2\lib\win64.o\libboost_regex.dll
0x00007ffc94b40000 - 0x00007ffc94b61000 	D:\Vivado2021\Vivado\2019.2\lib\win64.o\libboost_thread.dll
0x00007ffca5200000 - 0x00007ffca520f000 	D:\Vivado2021\Vivado\2019.2\lib\win64.o\libboost_xilinx.dll
0x00007ffc8dc10000 - 0x00007ffc8dc92000 	D:\Vivado2021\Vivado\2019.2\lib\win64.o\libhdlpsolve.dll
0x00007ffc8d540000 - 0x00007ffc8d5e5000 	D:\Vivado2021\Vivado\2019.2\lib\win64.o\libhdxml.dll
0x00007ffc94a70000 - 0x00007ffc94a9e000 	D:\Vivado2021\Vivado\2019.2\lib\win64.o\libisl_sysinfo.dll
0x00007ffc8dad0000 - 0x00007ffc8db35000 	D:\Vivado2021\Vivado\2019.2\lib\win64.o\liblmx6.0.dll
0x00007ffcb1f80000 - 0x00007ffcb1feb000 	C:\WINDOWS\System32\WS2_32.dll
0x00007ffca04e0000 - 0x00007ffca04fa000 	D:\Vivado2021\Vivado\2019.2\lib\win64.o\pthreadVC2.dll
0x00007ffc6ddd0000 - 0x00007ffc6df71000 	D:\Vivado2021\Vivado\2019.2\lib\win64.o\librdi_commonxillic.dll
0x00007ffc94a50000 - 0x00007ffc94a6c000 	D:\Vivado2021\Vivado\2019.2\lib\win64.o\librdiconfig.dll
0x00007ffc92220000 - 0x00007ffc92241000 	D:\Vivado2021\Vivado\2019.2\lib\win64.o\librdizlib.dll
0x0000000012000000 - 0x0000000012270000 	D:\Vivado2021\Vivado\2019.2\lib\win64.o\xerces-c_3_1.dll
0x00000000537f0000 - 0x000000005391b000 	D:\Vivado2021\Vivado\2019.2\lib\win64.o\tcl85t.dll
0x00007ffca2760000 - 0x00007ffca276a000 	D:\Vivado2021\Vivado\2019.2\lib\win64.o\librdi_commonversion.dll
0x00007ffc227c0000 - 0x00007ffc233bc200 	D:\Vivado2021\Vivado\2019.2\lib\win64.o\libisl_iostreams.dll
0x00007ffca12e0000 - 0x00007ffca12f9000 	C:\WINDOWS\SYSTEM32\NETAPI32.dll
0x00007ffcab120000 - 0x00007ffcab22a000 	C:\WINDOWS\SYSTEM32\WINHTTP.dll
0x00007ffc9ca70000 - 0x00007ffc9cc5d000 	C:\WINDOWS\SYSTEM32\urlmon.dll
0x00007ffc94340000 - 0x00007ffc94816000 	C:\WINDOWS\SYSTEM32\WININET.dll
0x00007ffc42ba0000 - 0x00007ffc42ba9000 	C:\WINDOWS\SYSTEM32\WSOCK32.dll
0x00007ffc8d450000 - 0x00007ffc8d481000 	C:\WINDOWS\SYSTEM32\VCOMP140.DLL
0x00007ffc1ed70000 - 0x00007ffc1fc01000 	D:\Vivado2021\Vivado\2019.2\lib\win64.o\gurobi65.dll
0x00007ffca1b70000 - 0x00007ffca1b7d000 	D:\Vivado2021\Vivado\2019.2\lib\win64.o\libboost_chrono.dll
0x00007ffc252b0000 - 0x00007ffc2558b000 	D:\Vivado2021\Vivado\2019.2\lib\win64.o\libXil_lmgr11.dll
0x00007ffcb1a40000 - 0x00007ffcb1b1a000 	C:\WINDOWS\System32\COMDLG32.dll
0x00007ffc94a30000 - 0x00007ffc94a4b000 	D:\Vivado2021\Vivado\2019.2\lib\win64.o\libboost_iostreams.dll
0x00007ffcb0d50000 - 0x00007ffcb10a4000 	C:\WINDOWS\System32\combase.dll
0x00007ffc9f2b0000 - 0x00007ffc9f56c000 	C:\WINDOWS\SYSTEM32\iertutil.dll
0x00007ffcb1d40000 - 0x00007ffcb1ded000 	C:\WINDOWS\System32\shcore.dll
0x00007ffc8d420000 - 0x00007ffc8d445000 	D:\Vivado2021\Vivado\2019.2\lib\win64.o\libisl_iosutils.dll
0x00007ffc9ca40000 - 0x00007ffc9ca69000 	C:\WINDOWS\SYSTEM32\srvcli.dll
0x00007ffcb2270000 - 0x00007ffcb22c5000 	C:\WINDOWS\System32\SHLWAPI.dll
0x00007ffcaf900000 - 0x00007ffcaf90c000 	C:\WINDOWS\SYSTEM32\netutils.dll
0x00007ffcb10b0000 - 0x00007ffcb117d000 	C:\WINDOWS\System32\OLEAUT32.dll
0x00007ffcb1df0000 - 0x00007ffcb1f1a000 	C:\WINDOWS\System32\ole32.dll
0x00007ffcb06b0000 - 0x00007ffcb0717000 	C:\WINDOWS\System32\WINTRUST.dll
0x00007ffcb0af0000 - 0x00007ffcb0c4e000 	C:\WINDOWS\System32\CRYPT32.dll
0x00007ffc91900000 - 0x00007ffc919b0000 	C:\WINDOWS\WinSxS\amd64_microsoft.windows.common-controls_6595b64144ccf1df_5.82.19041.1110_none_792d1c772443f647\COMCTL32.dll
0x00007ffca9f80000 - 0x00007ffca9f9d000 	C:\WINDOWS\SYSTEM32\dhcpcsvc.DLL
0x00007ffcb21e0000 - 0x00007ffcb2210000 	C:\WINDOWS\System32\IMM32.DLL
0x00007ffcaffa0000 - 0x00007ffcaffb2000 	C:\WINDOWS\SYSTEM32\MSASN1.dll
0x00007ffcaeb10000 - 0x00007ffcaeb22000 	C:\WINDOWS\SYSTEM32\kernel.appcore.dll
0x00007ffc21430000 - 0x00007ffc21947000 	D:\Vivado2021\Vivado\2019.2\lib\win64.o\librdi_commontasks.dll
0x00007ffcaf010000 - 0x00007ffcaf01a000 	C:\WINDOWS\SYSTEM32\VERSION.dll
0x00007ffc240c0000 - 0x00007ffc243a3000 	D:\Vivado2021\Vivado\2019.2\lib\win64.o\librdi_sio.dll
0x00007ffcaf7f0000 - 0x00007ffcaf82b000 	C:\WINDOWS\SYSTEM32\IPHLPAPI.DLL
0x0000000052dc0000 - 0x00000000537e5000 	D:\Vivado2021\Vivado\2019.2\tps\win64\jre9.0.4\bin\server\jvm.dll
0x00007ffcb1a30000 - 0x00007ffcb1a38000 	C:\WINDOWS\System32\PSAPI.DLL
0x00007ffca86a0000 - 0x00007ffca86c7000 	C:\WINDOWS\SYSTEM32\WINMM.dll
0x00007ffc98100000 - 0x00007ffc981ef000 	C:\WINDOWS\SYSTEM32\MSVCR120.dll
0x00007ffcafb00000 - 0x00007ffcafb6a000 	C:\WINDOWS\SYSTEM32\MSWSOCK.DLL
0x00007ffcae040000 - 0x00007ffcae7d3000 	C:\WINDOWS\SYSTEM32\windows.storage.dll
0x00007ffcafe10000 - 0x00007ffcafe3e000 	C:\WINDOWS\SYSTEM32\Wldp.dll
0x00007ffc15660000 - 0x00007ffc17da5000 	D:\Vivado2021\Vivado\2019.2\lib\win64.o\librdi_tcltasks.dll
0x00007ffc8cbe0000 - 0x00007ffc8cc5b000 	D:\Vivado2021\Vivado\2019.2\lib\win64.o\librdi_boarddep.dll
0x00007ffc66110000 - 0x00007ffc662ad000 	D:\Vivado2021\Vivado\2019.2\lib\win64.o\librdi_board.dll
0x00007ffc20f70000 - 0x00007ffc21424000 	D:\Vivado2021\Vivado\2019.2\lib\win64.o\librdi_bitstream.dll
0x00007ffc54650000 - 0x00007ffc54810000 	D:\Vivado2021\Vivado\2019.2\lib\win64.o\librdi_chipscopeimpl.dll
0x00007ffc539e0000 - 0x00007ffc53b32000 	D:\Vivado2021\Vivado\2019.2\lib\win64.o\librdi_cd_client.dll
0x00007ffc66020000 - 0x00007ffc6610f000 	D:\Vivado2021\Vivado\2019.2\lib\win64.o\librdi_chipscope.dll
0x00007ffc1d290000 - 0x00007ffc1ed6a000 	D:\Vivado2021\Vivado\2019.2\lib\win64.o\librdi_constraints.dll
0x00007ffc21a40000 - 0x00007ffc21d64000 	D:\Vivado2021\Vivado\2019.2\lib\win64.o\librdi_containers.dll
0x00007ffc18660000 - 0x00007ffc18d39000 	D:\Vivado2021\Vivado\2019.2\lib\win64.o\librdi_coregenipxact.dll
0x00007ffc13670000 - 0x00007ffc15660000 	D:\Vivado2021\Vivado\2019.2\lib\win64.o\librdi_coregen.dll
0x00007ffc18310000 - 0x00007ffc1865a000 	D:\Vivado2021\Vivado\2019.2\lib\win64.o\librdi_dlyest.dll
0x00007ffc0edd0000 - 0x00007ffc0f39d000 	D:\Vivado2021\Vivado\2019.2\lib\win64.o\librdi_drc.dll
0x00007ffc0f3a0000 - 0x00007ffc1366b000 	D:\Vivado2021\Vivado\2019.2\lib\win64.o\librdi_designutils.dll
0x00007ffc55f40000 - 0x00007ffc56004000 	D:\Vivado2021\Vivado\2019.2\lib\win64.o\librdi_dsp.dll
0x00007ffc0e450000 - 0x00007ffc0e760000 	D:\Vivado2021\Vivado\2019.2\lib\win64.o\librdi_guitools.dll
0x00007ffc0e760000 - 0x00007ffc0edcb000 	D:\Vivado2021\Vivado\2019.2\lib\win64.o\librdi_filemgmt.dll
0x00007ffc8cb70000 - 0x00007ffc8cbda000 	D:\Vivado2021\Vivado\2019.2\lib\win64.o\librdi_hdf.dll
0x00007ffc42c30000 - 0x00007ffc42e50000 	D:\Vivado2021\Vivado\2019.2\lib\win64.o\librdi_hip_devdesign.dll
0x00007ffc47580000 - 0x00007ffc476c8000 	D:\Vivado2021\Vivado\2019.2\lib\win64.o\librdi_hip_perf_analysis.dll
0x00007ffbf3720000 - 0x00007ffbf4e8d000 	D:\Vivado2021\Vivado\2019.2\lib\win64.o\librdi_implflow.dll
0x00007ffc86fa0000 - 0x00007ffc87014000 	D:\Vivado2021\Vivado\2019.2\lib\win64.o\librdi_memoryarray.dll
0x00007ffbf4e90000 - 0x00007ffc09a3b000 	D:\Vivado2021\Vivado\2019.2\lib\win64.o\librdi_device.dll
0x00007ffc0d720000 - 0x00007ffc0de03000 	D:\Vivado2021\Vivado\2019.2\lib\win64.o\librdi_netlist.dll
0x00007ffc0de10000 - 0x00007ffc0e441000 	D:\Vivado2021\Vivado\2019.2\lib\win64.o\librdi_memdata.dll
0x00007ffc87250000 - 0x00007ffc8729c000 	D:\Vivado2021\Vivado\2019.2\lib\win64.o\librdi_pfi.dll
0x00007ffc0d400000 - 0x00007ffc0d71b000 	D:\Vivado2021\Vivado\2019.2\lib\win64.o\librdi_platform.dll
0x00007ffbf0950000 - 0x00007ffbf371b000 	D:\Vivado2021\Vivado\2019.2\lib\win64.o\librdi_mig.dll
0x00007ffc0aaf0000 - 0x00007ffc0b2fb000 	D:\Vivado2021\Vivado\2019.2\lib\win64.o\librdi_power.dll
0x00007ffbee080000 - 0x00007ffbf0947000 	D:\Vivado2021\Vivado\2019.2\lib\win64.o\librdi_place.dll
0x00007ffc0a530000 - 0x00007ffc0aaea000 	D:\Vivado2021\Vivado\2019.2\lib\win64.o\librdi_project.dll
0x00007ffbed940000 - 0x00007ffbee073000 	D:\Vivado2021\Vivado\2019.2\lib\win64.o\librdi_psta.dll
0x00007ffbed270000 - 0x00007ffbed931000 	D:\Vivado2021\Vivado\2019.2\lib\win64.o\librdi_rsb.dll
0x00007ffc0ba50000 - 0x00007ffc0be73000 	D:\Vivado2021\Vivado\2019.2\lib\win64.o\librdi_runs.dll
0x00007ffc42ed0000 - 0x00007ffc42fd8000 	D:\Vivado2021\Vivado\2019.2\lib\win64.o\librdi_runsbase.dll
0x00007ffc1d010000 - 0x00007ffc1d285000 	D:\Vivado2021\Vivado\2019.2\lib\win64.o\librdi_simdata.dll
0x00007ffc42a00000 - 0x00007ffc42ba0000 	D:\Vivado2021\Vivado\2019.2\lib\win64.o\librdi_cd_protocol.dll
0x00007ffbec3e0000 - 0x00007ffbed26d000 	D:\Vivado2021\Vivado\2019.2\lib\win64.o\librdi_timing.dll
0x00007ffc28820000 - 0x00007ffc289c1000 	D:\Vivado2021\Vivado\2019.2\lib\win64.o\librdi_advchipscopeimpl.dll
0x00007ffc7eb10000 - 0x00007ffc7eb5c000 	D:\Vivado2021\Vivado\2019.2\lib\win64.o\libboost_serialization.dll
0x00007ffc43360000 - 0x00007ffc43437000 	D:\Vivado2021\Vivado\2019.2\lib\win64.o\librdi_ipconfig_readwrite.dll
0x00007ffc7bd40000 - 0x00007ffc7bd8a000 	D:\Vivado2021\Vivado\2019.2\lib\win64.o\librdi_noc_frameworks.dll
0x00007ffc6c5b0000 - 0x00007ffc6c64e000 	D:\Vivado2021\Vivado\2019.2\lib\win64.o\libise.dll
0x00007ffc6e920000 - 0x00007ffc6e96a000 	D:\Vivado2021\Vivado\2019.2\lib\win64.o\librdi_wavedata_SimpleApi.dll
0x00007ffbeb270000 - 0x00007ffbeb88b000 	D:\Vivado2021\Vivado\2019.2\lib\win64.o\librdi_wavedata.dll
0x00007ffc250c0000 - 0x00007ffc252a4000 	D:\Vivado2021\Vivado\2019.2\lib\win64.o\librdi_hip_config.dll
0x00007ffbead20000 - 0x00007ffbeb26e000 	D:\Vivado2021\Vivado\2019.2\lib\win64.o\librdi_xdm.dll

VM Arguments:
jvm_args: -Dsun.java2d.pmoffscreen=false -Dsun.java2d.xrender=false -Dsun.java2d.d3d=false -Dsun.awt.nopixfmt=true -Dsun.java2d.dpiaware=true -Dsun.java2d.uiScale.enabled=false -Xverify:none -Dswing.aatext=true -XX:-UsePerfData -Djdk.map.althashing.threshold=512 -XX:StringTableSize=4072 --add-opens=java.base/java.nio=ALL-UNNAMED --add-opens=java.desktop/sun.swing=ALL-UNNAMED --add-opens=java.desktop/javax.swing=ALL-UNNAMED --add-opens=java.desktop/javax.swing.tree=ALL-UNNAMED --add-opens=java.desktop/javax.swing.plaf.basic=ALL-UNNAMED --add-opens=java.desktop/javax.swing.plaf.synth=ALL-UNNAMED --add-opens=java.desktop/com.sun.awt=ALL-UNNAMED -XX:NewSize=60m -XX:MaxNewSize=60m -Xms128m -Xmx3072m -Xss5m 
java_command: <unknown>
java_class_path (initial): D:/Vivado2021/Vivado/2019.2\lib\classes\alloy.jar;D:/Vivado2021/Vivado/2019.2\lib\classes\autoesl-common.jar;D:/Vivado2021/Vivado/2019.2\lib\classes\autoesl-models.jar;D:/Vivado2021/Vivado/2019.2\lib\classes\autoesl-report.jar;D:/Vivado2021/Vivado/2019.2\lib\classes\autopilot.scelaborator.jar;D:/Vivado2021/Vivado/2019.2\lib\classes\autopilot.sourceprocessor.jar;D:/Vivado2021/Vivado/2019.2\lib\classes\autopilot.tbprocessor.jar;D:/Vivado2021/Vivado/2019.2\lib\classes\batik-anim.jar;D:/Vivado2021/Vivado/2019.2\lib\classes\batik-awt-util.jar;D:/Vivado2021/Vivado/2019.2\lib\classes\batik-bridge.jar;D:/Vivado2021/Vivado/2019.2\lib\classes\batik-codec.jar;D:/Vivado2021/Vivado/2019.2\lib\classes\batik-css.jar;D:/Vivado2021/Vivado/2019.2\lib\classes\batik-dom.jar;D:/Vivado2021/Vivado/2019.2\lib\classes\batik-ext.jar;D:/Vivado2021/Vivado/2019.2\lib\classes\batik-gui-util.jar;D:/Vivado2021/Vivado/2019.2\lib\classes\batik-gvt.jar;D:/Vivado2021/Vivado/2019.2\lib\classes\batik-parser.jar;D:/Vivado2021/Vivado/2019.2\lib\classes\batik-script.jar;D:/Vivado2021/Vivado/2019.2\lib\classes\batik-svg-dom.jar;D:/Vivado2021/Vivado/2019.2\lib\classes\batik-swing.jar;D:/Vivado2021/Vivado/2019.2\lib\classes\batik-transcoder.jar;D:/Vivado2021/Vivado/2019.2\lib\classes\batik-util.jar;D:/Vivado2021/Vivado/2019.2\lib\classes\batik-xml.jar;D:/Vivado2021/Vivado/2019.2\lib\classes\com.google.gson_2.7.0.v20170129-0911.jar;D:/Vivado2021/Vivado/2019.2\lib\classes\com.google.guava_21.0.0.v20170206-1425.jar;D:/Vivado2021/Vivado/2019.2\lib\classes\com.ibm.icu_4.4.2.v20110208.jar;D:/Vivado2021/Vivado/2019.2\lib\classes\com.sigasi.hdt.connection_4.5.0.201909241521.jar;D:/Vivado2021/Vivado/2019.2\lib\classes\com.sigasi.hdt.epl_4.5.0.201909241521.jar;D:/Vivado2021/Vivado/2019.2\lib\classes\com.sigasi.hdt.project_4.5.0.201909241521.jar;D:/Vivado2021/Vivado/2019.2\lib\classes\com.sigasi.hdt.readonlyfilesystem_4.5.0.201909241521.jar;D:/Vivado2021/Vivado/2019.2\lib\classes\com.sigasi.
Launcher Type: generic

Logging:
Log output configuration:
#0: stdout all=warning uptime,level,tags
#1: stderr all=off uptime,level,tags

Environment Variables:
JAVA_HOME=D:\jdk20
PATH=D:/Vivado2021/Vivado/2019.2/bin;D:/Vivado2021/Vivado/2019.2/lib/win64.o;D:/Vivado2021/Vivado/2019.2/tps/win64/jre9.0.4/bin/server;D:/Vivado2021/Vivado/2019.2/tps/win64/jre9.0.4/bin;D:/Vivado2021/Vivado/2019.2/ids_lite/ISE/bin/nt64;D:/Vivado2021/Vivado/2019.2/ids_lite/ISE/lib/nt64;D:\VMare Workstation\bin\;C:\Program Files\Common Files\Oracle\Java\javapath;C:\WINDOWS\system32;C:\WINDOWS;C:\WINDOWS\System32\Wbem;C:\WINDOWS\System32\WindowsPowerShell\v1.0\;C:\WINDOWS\System32\OpenSSH\;C:\Program Files\mingw64\bin;D:\matlab2021.a\runtime\win64;D:\matlab2021.a\bin;D:\runtime\win64;D:\bin;D:\polyspace\bin;D:\matlab2021.a\polyspace\bin;C:\Program Files\dotnet\;C:\Program Files\Microsoft SQL Server\130\Tools\Binn\;C:\Program Files\Microsoft SQL Server\Client SDK\ODBC\170\Tools\Binn\;C:\Program Files (x86)\IVI Foundation\VISA\WinNT\Bin\;C:\Program Files\IVI Foundation\VISA\Win64\Bin\;D:\NetSarang\Xshell 7\;D:\NetSarang\Xftp 7\;D:\jdk20\bin;D:\hadoop-3.3.4\bin;D:\apache-maven-3.8.6\bin;C:\Users\11731\AppData\Local\Programs\Microsoft VS Code\bin;D:\Git\cmd;D:\Git LFS;D:\nodejs\;C:\Program Files\Mullvad VPN\resources;D:\Ruby32-x64\bin;C:\Users\11731\.cargo\bin;C:\Users\11731\AppData\Local\Programs\Python\Python310\Scripts\;C:\Users\11731\AppData\Local\Programs\Python\Python310\;C:\Users\11731\AppData\Local\Microsoft\WindowsApps;C:\Users\11731\.dotnet\tools;D:\JetBrains\PyCharm Community Edition 2022.2.1\bin;;D:\MiKTeX\miktex\bin\x64\;D:\masm32\bin;D:\masm32\lib;C:\Users\11731\AppData\Roaming\npm;D:\msys2;D:\apache-jmeter\apache-jmeter-5.6\bin;D:/Vivado2021/Vivado/2019.2\tps\mingw\6.2.0\win64.o\nt\bin;D:/Vivado2021/Vivado/2019.2\tps\mingw\6.2.0\win64.o\nt\libexec\gcc\x86_64-w64-mingw32\6.2.0;D:/Vivado2021/Vivado/2019.2\tps\win64\python-2.7.5;D:/Vivado2021/Vivado/2019.2\tps\win64\python-2.7.5\bin;D:/Vivado2021/Vivado/2019.2\tps\win64\python-2.7.5\lib;D:/Vivado2021/Vivado/2019.2\tps\win64\python-2.7.5\Lib\lib-tk;D:/Vivado2021/Vivado/2019.2\tps\win64\python-2.7.5\lib\site-package
USERNAME=11731
OS=Windows_NT
PROCESSOR_IDENTIFIER=AMD64 Family 23 Model 96 Stepping 1, AuthenticAMD



---------------  S Y S T E M  ---------------

OS: Windows 10 , 64 bit Build 19041 (10.0.19041.3155)

CPU:total 16 (initial active 16) (16 cores per cpu, 1 threads per core) family 23 model 96 stepping 1, cmov, cx8, fxsr, mmx, sse, sse2, sse3, ssse3, sse4.1, sse4.2, popcnt, avx, avx2, aes, clmul, mmxext, 3dnowpref, lzcnt, sse4a, tsc, tscinvbit, tscinv, bmi1

Memory: 4k page, physical 16074040k(637848k free), swap 35325748k(708k free)

vm_info: Java HotSpot(TM) 64-Bit Server VM (9.0.4+11) for windows-amd64 JRE (9.0.4+11), built on Dec 20 2017 02:18:54 by "mach5one" with MS VC++ 12.0 (VS2013)

END.
