#
# There is insufficient memory for the Java Runtime Environment to continue.
# Native memory allocation (malloc) failed to allocate 32744 bytes for ChunkPool::allocate
# Possible reasons:
#   The system is out of physical RAM or swap space
#   The process is running with CompressedOops enabled, and the Java Heap may be blocking the growth of the native heap
# Possible solutions:
#   Reduce memory load on the system
#   Increase physical memory or swap space
#   Check if swap backing store is full
#   Decrease Java heap size (-Xmx/-Xms)
#   Decrease number of Java threads
#   Decrease Java thread stack sizes (-Xss)
#   Set larger code cache with -XX:ReservedCodeCacheSize=
#   JVM is running with Zero Based Compressed Oops mode in which the Java heap is
#     placed in the first 32GB address space. The Java Heap base address is the
#     maximum limit for the native heap growth. Please use -XX:HeapBaseMinAddress
#     to set the Java Heap base and to place the Java Heap above 32GB virtual address.
# This output file may be truncated or incomplete.
#
#  Out of Memory Error (t:/workspace/hotspot/src/share/vm/memory/allocation.cpp:256), pid=4556, tid=12940
#
# JRE version: Java(TM) SE Runtime Environment (9.0+11) (build 9.0.4+11)
# Java VM: Java HotSpot(TM) 64-Bit Server VM (9.0.4+11, mixed mode, tiered, compressed oops, g1 gc, windows-amd64)
# No core dump will be written. Minidumps are not enabled by default on client versions of Windows
#

---------------  S U M M A R Y ------------

Command Line: -Dsun.java2d.pmoffscreen=false -Dsun.java2d.xrender=false -Dsun.java2d.d3d=false -Dsun.awt.nopixfmt=true -Dsun.java2d.dpiaware=true -Dsun.java2d.uiScale.enabled=false -Xverify:none -Dswing.aatext=true -XX:-UsePerfData -Djdk.map.althashing.threshold=512 -XX:StringTableSize=4072 --add-opens=java.base/java.nio=ALL-UNNAMED --add-opens=java.desktop/sun.swing=ALL-UNNAMED --add-opens=java.desktop/javax.swing=ALL-UNNAMED --add-opens=java.desktop/javax.swing.tree=ALL-UNNAMED --add-opens=java.desktop/javax.swing.plaf.basic=ALL-UNNAMED --add-opens=java.desktop/javax.swing.plaf.synth=ALL-UNNAMED --add-opens=java.desktop/com.sun.awt=ALL-UNNAMED -XX:NewSize=60m -XX:MaxNewSize=60m -Xms128m -Xmx3072m -Xss5m 

Host: AMD Ryzen 7 PRO 4750U with Radeon Graphics, 16 cores, 15G,  Windows 10 , 64 bit Build 19041 (10.0.19041.3155)
Time: Mon Sep 04 11:36:46 2023 ?D1¨²¡À¨º¡Á?¨º¡À?? elapsed time: 113 seconds (0d 0h 1m 53s)

---------------  T H R E A D  ---------------

Current thread (0x0000024cae185800):  JavaThread "C2 CompilerThread6" daemon [_thread_in_native, id=12940, stack(0x0000009982800000,0x0000009982900000)]


Current CompileTask:
C2: 113224 15388       4       java.util.TimSort::sort (229 bytes)

Stack: [0x0000009982800000,0x0000009982900000]
Native frames: (J=compiled Java code, j=interpreted, Vv=VM code, C=native code)
V  [jvm.dll+0x587068]
V  [jvm.dll+0x69c25e]
V  [OLEAUT32.dll+0x69d17a]
V  [librdi_dsp.dll+0x69d7b3]
V  [libboost_system.dll+0x21d198]
V  [librdi_board.dll+0xa802d]
V  [jvm.dll+0xa7afa]
V  [VERSION.dll+0xa83ec]
V  [jvm.dll+0x523ca8]
V  [combase.dll+0x523dd3]
V  [jvm.dll+0x529081]
V  [jvm.dll+0x529820]
V  [jvm.dll+0x52845d]
V  [jvm.dll+0x1e9992]
V  [jvm.dll+0x1e8d86]
V  [jvm.dll+0x1691cb]
V  [jvm.dll+0x1f6570]
V  [jvm.dll+0x1f51f6]
V  [jvm.dll+0x66b44f]
V  [jvm.dll+0x586490]
C  [MSVCR120.dll+0x24f6b]
C  [MSVCR120.dll+0x25098]
C  [KERNEL32.DLL+0x17614]
C  [ntdll.dll+0x526b1]


---------------  P R O C E S S  ---------------

Java Threads: ( => current thread )
  0x0000024cd2f4c800 JavaThread "Run Simulation Thread" [_thread_blocked, id=21952, stack(0x0000009988200000,0x0000009988700000)]
  0x0000024cd2f4b000 JavaThread "Update Runs Swing Worker Thread" [_thread_blocked, id=16148, stack(0x0000009989b00000,0x000000998a000000)]
  0x0000024cd1755800 JavaThread "hw_ila_monitor" [_thread_blocked, id=22104, stack(0x0000009986600000,0x0000009986b00000)]
  0x0000024cd1753800 JavaThread "Refresh Filesets Swing Worker Thread" [_thread_blocked, id=21660, stack(0x0000009985200000,0x0000009985700000)]
  0x0000024cd1752800 JavaThread "SyntheticaAnimation 70" daemon [_thread_blocked, id=21904, stack(0x0000009988700000,0x0000009988c00000)]
  0x0000024cd1752000 JavaThread "SyntheticaAnimation 25" daemon [_thread_blocked, id=17452, stack(0x0000009987d00000,0x0000009988200000)]
  0x0000024cd1758000 JavaThread "SyntheticaAnimation 50" daemon [_thread_blocked, id=21908, stack(0x0000009987800000,0x0000009987d00000)]
  0x0000024cd1756800 JavaThread "Monitor HEventQueue Thread" [_thread_blocked, id=21940, stack(0x0000009987300000,0x0000009987800000)]
  0x0000024cd1755000 JavaThread "SyntheticaCleanerThread" daemon [_thread_blocked, id=18832, stack(0x0000009986e00000,0x0000009987300000)]
  0x0000024cd1757000 JavaThread "Batik CleanerThread" daemon [_thread_blocked, id=21168, stack(0x0000009985700000,0x0000009985c00000)]
  0x0000024cd0098800 JavaThread "AWT-EventQueue-1" [_thread_in_Java, id=20848, stack(0x0000009986100000,0x0000009986600000)]
  0x0000024cd14b5000 JavaThread "Process Messages Thread" [_thread_blocked, id=20836, stack(0x0000009985c00000,0x0000009986100000)]
  0x0000024cd0063000 JavaThread "Thread-1" [_thread_in_native, id=10408, stack(0x00000099fd700000,0x00000099feb00000)]
  0x0000024cd14d2800 JavaThread "TimerQueue" daemon [_thread_blocked, id=20748, stack(0x0000009984d00000,0x0000009985200000)]
  0x0000024ccfbd0800 JavaThread "AWT-Windows" daemon [_thread_in_native, id=20628, stack(0x0000009984800000,0x0000009984d00000)]
  0x0000024ccfa89800 JavaThread "AWT-Shutdown" [_thread_blocked, id=20624, stack(0x0000009984300000,0x0000009984800000)]
  0x0000024ccfa88800 JavaThread "Java2D Disposer" daemon [_thread_blocked, id=20620, stack(0x0000009983e00000,0x0000009984300000)]
  0x0000024caa64a800 JavaThread "Service Thread" daemon [_thread_blocked, id=19208, stack(0x0000009983800000,0x0000009983d00000)]
  0x0000024ca7d33000 JavaThread "Common-Cleaner" daemon [_thread_blocked, id=13912, stack(0x0000009983300000,0x0000009983800000)]
  0x0000024ca7d2a800 JavaThread "Sweeper thread" daemon [_thread_blocked, id=13904, stack(0x0000009982e00000,0x0000009983300000)]
  0x0000024ca7d07800 JavaThread "C1 CompilerThread11" daemon [_thread_blocked, id=3964, stack(0x0000009982d00000,0x0000009982e00000)]
  0x0000024ca7d07000 JavaThread "C1 CompilerThread10" daemon [_thread_blocked, id=13636, stack(0x0000009982c00000,0x0000009982d00000)]
  0x0000024ca7d06000 JavaThread "C1 CompilerThread9" daemon [_thread_blocked, id=19372, stack(0x0000009982b00000,0x0000009982c00000)]
  0x0000024ca7d01800 JavaThread "C1 CompilerThread8" daemon [_thread_blocked, id=8992, stack(0x0000009982a00000,0x0000009982b00000)]
  0x0000024cae186000 JavaThread "C2 CompilerThread7" daemon [_thread_blocked, id=8700, stack(0x0000009982900000,0x0000009982a00000)]
=>0x0000024cae185800 JavaThread "C2 CompilerThread6" daemon [_thread_in_native, id=12940, stack(0x0000009982800000,0x0000009982900000)]
  0x0000024cae184800 JavaThread "C2 CompilerThread5" daemon [_thread_in_native, id=13052, stack(0x0000009982700000,0x0000009982800000)]
  0x0000024cae182800 JavaThread "C2 CompilerThread4" daemon [_thread_blocked, id=11820, stack(0x0000009982600000,0x0000009982700000)]
  0x0000024cae182000 JavaThread "C2 CompilerThread3" daemon [_thread_blocked, id=11312, stack(0x0000009982500000,0x0000009982600000)]
  0x0000024cae17d000 JavaThread "C2 CompilerThread2" daemon [_thread_blocked, id=13020, stack(0x0000009982400000,0x0000009982500000)]
  0x0000024cae17c800 JavaThread "C2 CompilerThread1" daemon [_thread_in_native, id=13168, stack(0x0000009982300000,0x0000009982400000)]
  0x0000024cae17b800 JavaThread "C2 CompilerThread0" daemon [_thread_blocked, id=2420, stack(0x0000009982200000,0x0000009982300000)]
  0x0000024cae17a800 JavaThread "Attach Listener" daemon [_thread_blocked, id=11768, stack(0x0000009981d00000,0x0000009982200000)]
  0x0000024ca5011800 JavaThread "Signal Dispatcher" daemon [_thread_blocked, id=13300, stack(0x0000009981800000,0x0000009981d00000)]
  0x0000024cae15c800 JavaThread "Finalizer" daemon [_thread_blocked, id=12536, stack(0x0000009981300000,0x0000009981800000)]
  0x0000024cae15b800 JavaThread "Reference Handler" daemon [_thread_blocked, id=13204, stack(0x0000009980e00000,0x0000009981300000)]
  0x0000024cace84800 JavaThread "main" [_thread_blocked, id=5068, stack(0x00000099fd600000,0x00000099fd700000)]

Other Threads:
  0x0000024cacd16000 VMThread "VM Thread" [stack: 0x0000009980d00000,0x0000009980e00000] [id=2532]
  0x0000024caa3ba000 WatcherThread [stack: 0x0000009983d00000,0x0000009983e00000] [id=14776]
  0x0000024cb15ad800 GCTaskThread "GC Thread#0" [stack: 0x00000099fee00000,0x00000099fef00000] [id=17980]
  0x0000024cb1378800 GCTaskThread "GC Thread#1" [stack: 0x00000099fef00000,0x00000099ff000000] [id=18120]
  0x0000024cb0fa5800 GCTaskThread "GC Thread#2" [stack: 0x00000099ff000000,0x00000099ff100000] [id=17032]
  0x0000024cb0fa6000 GCTaskThread "GC Thread#3" [stack: 0x00000099ff100000,0x00000099ff200000] [id=18100]
  0x0000024cadfec800 GCTaskThread "GC Thread#4" [stack: 0x00000099ff200000,0x00000099ff300000] [id=18076]
  0x0000024cb1a31800 GCTaskThread "GC Thread#5" [stack: 0x00000099ff300000,0x00000099ff400000] [id=18080]
  0x0000024cb1a34000 GCTaskThread "GC Thread#6" [stack: 0x00000099ff400000,0x00000099ff500000] [id=17460]
  0x0000024cb1a32000 GCTaskThread "GC Thread#7" [stack: 0x00000099ff500000,0x00000099ff600000] [id=17448]
  0x0000024cb1a34800 GCTaskThread "GC Thread#8" [stack: 0x00000099ff600000,0x00000099ff700000] [id=19348]
  0x0000024cb1a32800 GCTaskThread "GC Thread#9" [stack: 0x00000099ff700000,0x00000099ff800000] [id=19408]
  0x0000024cb1a33000 GCTaskThread "GC Thread#10" [stack: 0x00000099ff800000,0x00000099ff900000] [id=14928]
  0x0000024cb1347000 GCTaskThread "GC Thread#11" [stack: 0x00000099ff900000,0x00000099ffa00000] [id=4216]
  0x0000024cb1349800 GCTaskThread "GC Thread#12" [stack: 0x00000099ffa00000,0x00000099ffb00000] [id=11836]
  0x0000024cb19e0800 ConcurrentGCThread "G1 Main Marker" [stack: 0x0000009980900000,0x0000009980a00000] [id=18028]
  0x0000024cb134b000 ConcurrentGCThread "G1 Marker#0" [stack: 0x0000009980a00000,0x0000009980b00000] [id=13280]
  0x0000024cb134a800 ConcurrentGCThread "G1 Marker#1" [stack: 0x0000009980b00000,0x0000009980c00000] [id=13276]
  0x0000024cb1344800 ConcurrentGCThread "G1 Marker#2" [stack: 0x0000009980c00000,0x0000009980d00000] [id=13272]
  0x0000024cb1836800 ConcurrentGCThread "G1 Refine#0" [stack: 0x0000009980700000,0x0000009980800000] [id=7404]
  0x0000024ca8156800 ConcurrentGCThread "G1 Refine#1" [stack: 0x0000009980600000,0x0000009980700000] [id=7396]
  0x0000024ca8156000 ConcurrentGCThread "G1 Refine#2" [stack: 0x0000009980500000,0x0000009980600000] [id=12760]
  0x0000024ca8155800 ConcurrentGCThread "G1 Refine#3" [stack: 0x0000009980400000,0x0000009980500000] [id=12764]
  0x0000024ca7d6a800 ConcurrentGCThread "G1 Refine#4" [stack: 0x0000009980300000,0x0000009980400000] [id=11640]
  0x0000024ca7d6a000 ConcurrentGCThread "G1 Refine#5" [stack: 0x0000009980200000,0x0000009980300000] [id=11632]
  0x0000024ca7d69800 ConcurrentGCThread "G1 Refine#6" [stack: 0x0000009980100000,0x0000009980200000] [id=11644]
  0x0000024cacaec800 ConcurrentGCThread "G1 Refine#7" [stack: 0x0000009980000000,0x0000009980100000] [id=11956]
  0x0000024caddf9800 ConcurrentGCThread "G1 Refine#8" [stack: 0x00000099fff00000,0x0000009a00000000] [id=6952]
  0x0000024caddf9000 ConcurrentGCThread "G1 Refine#9" [stack: 0x00000099ffe00000,0x00000099fff00000] [id=6844]
  0x0000024caddf8800 ConcurrentGCThread "G1 Refine#10" [stack: 0x00000099ffd00000,0x00000099ffe00000] [id=6856]
  0x0000024ca7ff8800 ConcurrentGCThread "G1 Refine#11" [stack: 0x00000099ffc00000,0x00000099ffd00000] [id=6860]
  0x0000024ca7ff8000 ConcurrentGCThread "G1 Refine#12" [stack: 0x00000099ffb00000,0x00000099ffc00000] [id=11844]
  0x0000024cb1837800 ConcurrentGCThread "G1 Young RemSet Sampling" [stack: 0x0000009980800000,0x0000009980900000] [id=19368]

Threads with active compile tasks:
C1 CompilerThread1115452   !   3       javax.swing.JComponent::paint (409 bytes)
C1 CompilerThread915450       3       com.jidesoft.grid.TreeTableCellRenderer::getTableCellRendererComponent (374 bytes)
C1 CompilerThread815449       3       ui.utils.k.j.av::getTableCellRendererComponent (139 bytes)
C2 CompilerThread615388       4       java.util.TimSort::sort (229 bytes)
C2 CompilerThread515389       4       java.util.Arrays::sort (37 bytes)
C2 CompilerThread115363       4       ui.utils.p.ag::e (107 bytes)

VM state:not at safepoint (normal execution)

VM Mutex/Monitor currently owned by a thread:  ([mutex/lock_event])
[0x0000024cace838e0] CodeCache_lock - owner thread: 0x0000000000000000

Heap address: 0x0000000700000000, size: 3072 MB, Compressed Oops mode: Zero based, Oop shift amount: 3
Narrow klass base: 0x0000000000000000, Narrow klass shift: 3
Compressed class space size: 1073741824 Address: 0x00000007c0000000

Heap:
 garbage-first heap   total 189440K, used 122214K [0x0000000700000000, 0x00000007001005c8, 0x00000007c0000000)
  region size 1024K, 55 young (56320K), 0 survivors (0K)
 Metaspace       used 75867K, capacity 80373K, committed 80512K, reserved 1118208K
  class space    used 10577K, capacity 11371K, committed 11392K, reserved 1048576K
Heap Regions: E=young(eden), S=young(survivor), O=old, HS=humongous(starts), HC=humongous(continues), CS=collection set, F=free, A=archive, TS=gc time stamp, AC=allocation context, TAMS=top-at-mark-start (previous, next)
|   0|0x0000000700000000, 0x00000007000cb8c8, 0x0000000700100000| 79%| O|  |TS  0|AC  0|TAMS 0x0000000700000000, 0x0000000700000000|
|   1|0x0000000700100000, 0x00000007001fffd8, 0x0000000700200000| 99%| O|  |TS  0|AC  0|TAMS 0x0000000700100000, 0x0000000700100000|
|   2|0x0000000700200000, 0x00000007002fe3a0, 0x0000000700300000| 99%| O|  |TS  0|AC  0|TAMS 0x0000000700200000, 0x0000000700200000|
|   3|0x0000000700300000, 0x00000007003f1db8, 0x0000000700400000| 94%| O|  |TS  0|AC  0|TAMS 0x0000000700300000, 0x0000000700300000|
|   4|0x0000000700400000, 0x0000000700500000, 0x0000000700500000|100%|HS|  |TS  0|AC  0|TAMS 0x0000000700400000, 0x0000000700400000|
|   5|0x0000000700500000, 0x0000000700600000, 0x0000000700600000|100%|HC|  |TS  0|AC  0|TAMS 0x0000000700500000, 0x0000000700500000|
|   6|0x0000000700600000, 0x0000000700700000, 0x0000000700700000|100%|HS|  |TS  0|AC  0|TAMS 0x0000000700600000, 0x0000000700600000|
|   7|0x0000000700700000, 0x00000007007f7be8, 0x0000000700800000| 96%| O|  |TS  0|AC  0|TAMS 0x0000000700700000, 0x0000000700700000|
|   8|0x0000000700800000, 0x00000007008ffbb8, 0x0000000700900000| 99%| O|  |TS  0|AC  0|TAMS 0x0000000700800000, 0x0000000700800000|
|   9|0x0000000700900000, 0x00000007009fffe8, 0x0000000700a00000| 99%| O|  |TS  0|AC  0|TAMS 0x0000000700900000, 0x0000000700900000|
|  10|0x0000000700a00000, 0x0000000700b00000, 0x0000000700b00000|100%| O|  |TS  0|AC  0|TAMS 0x0000000700a00000, 0x0000000700a00000|
|  11|0x0000000700b00000, 0x0000000700bfffe8, 0x0000000700c00000| 99%| O|  |TS  0|AC  0|TAMS 0x0000000700b00000, 0x0000000700b00000|
|  12|0x0000000700c00000, 0x0000000700d00000, 0x0000000700d00000|100%| O|  |TS  0|AC  0|TAMS 0x0000000700c00000, 0x0000000700c00000|
|  13|0x0000000700d00000, 0x0000000700dffff8, 0x0000000700e00000| 99%| O|  |TS  0|AC  0|TAMS 0x0000000700d00000, 0x0000000700d00000|
|  14|0x0000000700e00000, 0x0000000700efc5b8, 0x0000000700f00000| 98%| O|  |TS  0|AC  0|TAMS 0x0000000700e00000, 0x0000000700e00000|
|  15|0x0000000700f00000, 0x0000000700ff5c00, 0x0000000701000000| 95%| O|  |TS  0|AC  0|TAMS 0x0000000700f00000, 0x0000000700f00000|
|  16|0x0000000701000000, 0x00000007010f7ae8, 0x0000000701100000| 96%| O|  |TS  0|AC  0|TAMS 0x0000000701000000, 0x0000000701000000|
|  17|0x0000000701100000, 0x00000007011fe640, 0x0000000701200000| 99%| O|  |TS  0|AC  0|TAMS 0x0000000701100000, 0x0000000701100000|
|  18|0x0000000701200000, 0x00000007012fffd8, 0x0000000701300000| 99%| O|  |TS  0|AC  0|TAMS 0x0000000701200000, 0x0000000701200000|
|  19|0x0000000701300000, 0x00000007013ffff0, 0x0000000701400000| 99%| O|  |TS  0|AC  0|TAMS 0x0000000701300000, 0x0000000701300000|
|  20|0x0000000701400000, 0x00000007014ffa78, 0x0000000701500000| 99%| O|  |TS  0|AC  0|TAMS 0x0000000701400000, 0x0000000701400000|
|  21|0x0000000701500000, 0x0000000701600000, 0x0000000701600000|100%|HS|  |TS  0|AC  0|TAMS 0x0000000701500000, 0x0000000701500000|
|  22|0x0000000701600000, 0x0000000701700000, 0x0000000701700000|100%|HC|  |TS  0|AC  0|TAMS 0x0000000701600000, 0x0000000701600000|
|  23|0x0000000701700000, 0x0000000701800000, 0x0000000701800000|100%| O|  |TS  0|AC  0|TAMS 0x0000000701700000, 0x0000000701700000|
|  24|0x0000000701800000, 0x00000007018fffe0, 0x0000000701900000| 99%| O|  |TS  0|AC  0|TAMS 0x0000000701800000, 0x0000000701800000|
|  25|0x0000000701900000, 0x00000007019fffd8, 0x0000000701a00000| 99%| O|  |TS  0|AC  0|TAMS 0x0000000701900000, 0x0000000701900000|
|  26|0x0000000701a00000, 0x0000000701affff8, 0x0000000701b00000| 99%| O|  |TS  0|AC  0|TAMS 0x0000000701a00000, 0x0000000701a00000|
|  27|0x0000000701b00000, 0x0000000701bffff0, 0x0000000701c00000| 99%| O|  |TS  0|AC  0|TAMS 0x0000000701b00000, 0x0000000701b00000|
|  28|0x0000000701c00000, 0x0000000701cffc08, 0x0000000701d00000| 99%| O|  |TS  0|AC  0|TAMS 0x0000000701c00000, 0x0000000701c00000|
|  29|0x0000000701d00000, 0x0000000701e00000, 0x0000000701e00000|100%| O|  |TS  0|AC  0|TAMS 0x0000000701d00000, 0x0000000701d00000|
|  30|0x0000000701e00000, 0x0000000701efffd8, 0x0000000701f00000| 99%| O|  |TS  0|AC  0|TAMS 0x0000000701e00000, 0x0000000701e00000|
|  31|0x0000000701f00000, 0x0000000702000000, 0x0000000702000000|100%| O|  |TS  0|AC  0|TAMS 0x0000000701f00000, 0x0000000701f00000|
|  32|0x0000000702000000, 0x00000007020ffff8, 0x0000000702100000| 99%| O|  |TS  0|AC  0|TAMS 0x0000000702000000, 0x0000000702000000|
|  33|0x0000000702100000, 0x00000007021ffff0, 0x0000000702200000| 99%| O|  |TS  0|AC  0|TAMS 0x0000000702100000, 0x0000000702100000|
|  34|0x0000000702200000, 0x00000007022ffff8, 0x0000000702300000| 99%| O|  |TS  0|AC  0|TAMS 0x0000000702200000, 0x0000000702200000|
|  35|0x0000000702300000, 0x00000007023ffe58, 0x0000000702400000| 99%| O|  |TS  0|AC  0|TAMS 0x0000000702300000, 0x0000000702300000|
|  36|0x0000000702400000, 0x00000007024fffb8, 0x0000000702500000| 99%| O|  |TS  0|AC  0|TAMS 0x0000000702400000, 0x0000000702400000|
|  37|0x0000000702500000, 0x00000007025ffff8, 0x0000000702600000| 99%| O|  |TS  0|AC  0|TAMS 0x0000000702500000, 0x0000000702500000|
|  38|0x0000000702600000, 0x00000007026ffff8, 0x0000000702700000| 99%| O|  |TS  0|AC  0|TAMS 0x0000000702600000, 0x0000000702600000|
|  39|0x0000000702700000, 0x00000007027fffe0, 0x0000000702800000| 99%| O|  |TS  0|AC  0|TAMS 0x0000000702700000, 0x0000000702700000|
|  40|0x0000000702800000, 0x00000007028ffff8, 0x0000000702900000| 99%| O|  |TS  0|AC  0|TAMS 0x0000000702800000, 0x0000000702800000|
|  41|0x0000000702900000, 0x00000007029fffa0, 0x0000000702a00000| 99%| O|  |TS  0|AC  0|TAMS 0x0000000702900000, 0x0000000702900000|
|  42|0x0000000702a00000, 0x0000000702afffe8, 0x0000000702b00000| 99%| O|  |TS  0|AC  0|TAMS 0x0000000702a00000, 0x0000000702a00000|
|  43|0x0000000702b00000, 0x0000000702bffff0, 0x0000000702c00000| 99%| O|  |TS  0|AC  0|TAMS 0x0000000702b00000, 0x0000000702b00000|
|  44|0x0000000702c00000, 0x0000000702ce26c8, 0x0000000702d00000| 88%| O|  |TS  0|AC  0|TAMS 0x0000000702c00000, 0x0000000702c00000|
|  45|0x0000000702d00000, 0x0000000702e00000, 0x0000000702e00000|100%| O|  |TS  0|AC  0|TAMS 0x0000000702d00000, 0x0000000702d00000|
|  46|0x0000000702e00000, 0x0000000702efe1b8, 0x0000000702f00000| 99%| O|  |TS  0|AC  0|TAMS 0x0000000702e00000, 0x0000000702e00000|
|  47|0x0000000702f00000, 0x0000000702fffff0, 0x0000000703000000| 99%| O|  |TS  0|AC  0|TAMS 0x0000000702f00000, 0x0000000702f00000|
|  48|0x0000000703000000, 0x00000007030ffdd8, 0x0000000703100000| 99%| O|  |TS  0|AC  0|TAMS 0x0000000703000000, 0x0000000703000000|
|  49|0x0000000703100000, 0x00000007031fffd8, 0x0000000703200000| 99%| O|  |TS  0|AC  0|TAMS 0x0000000703100000, 0x0000000703100000|
|  50|0x0000000703200000, 0x00000007032fbb40, 0x0000000703300000| 98%| O|  |TS  0|AC  0|TAMS 0x0000000703200000, 0x0000000703200000|
|  51|0x0000000703300000, 0x0000000703400000, 0x0000000703400000|100%|HS|  |TS  0|AC  0|TAMS 0x0000000703300000, 0x0000000703300000|
|  52|0x0000000703400000, 0x0000000703500000, 0x0000000703500000|100%|HC|  |TS  0|AC  0|TAMS 0x0000000703400000, 0x0000000703400000|
|  53|0x0000000703500000, 0x0000000703600000, 0x0000000703600000|100%|HC|  |TS  0|AC  0|TAMS 0x0000000703500000, 0x0000000703500000|
|  54|0x0000000703600000, 0x0000000703700000, 0x0000000703700000|100%|HC|  |TS  0|AC  0|TAMS 0x0000000703600000, 0x0000000703600000|
|  55|0x0000000703700000, 0x0000000703800000, 0x0000000703800000|100%|HC|  |TS  0|AC  0|TAMS 0x0000000703700000, 0x0000000703700000|
|  56|0x0000000703800000, 0x0000000703900000, 0x0000000703900000|100%|HC|  |TS  0|AC  0|TAMS 0x0000000703800000, 0x0000000703800000|
|  57|0x0000000703900000, 0x0000000703a00000, 0x0000000703a00000|100%|HC|  |TS  0|AC  0|TAMS 0x0000000703900000, 0x0000000703900000|
|  58|0x0000000703a00000, 0x0000000703b00000, 0x0000000703b00000|100%|HC|  |TS  0|AC  0|TAMS 0x0000000703a00000, 0x0000000703a00000|
|  59|0x0000000703b00000, 0x0000000703c00000, 0x0000000703c00000|100%| O|  |TS  0|AC  0|TAMS 0x0000000703b00000, 0x0000000703b00000|
|  60|0x0000000703c00000, 0x0000000703cfdde0, 0x0000000703d00000| 99%| O|  |TS  0|AC  0|TAMS 0x0000000703c00000, 0x0000000703c00000|
|  61|0x0000000703d00000, 0x0000000703de5588, 0x0000000703e00000| 89%| O|  |TS  0|AC  0|TAMS 0x0000000703d00000, 0x0000000703d00000|
|  62|0x0000000703e00000, 0x0000000703e00000, 0x0000000703f00000|  0%| F|  |TS  0|AC  0|TAMS 0x0000000703e00000, 0x0000000703e00000|
|  63|0x0000000703f00000, 0x0000000703f00000, 0x0000000704000000|  0%| F|  |TS  0|AC  0|TAMS 0x0000000703f00000, 0x0000000703f00000|
|  64|0x0000000704000000, 0x0000000704000000, 0x0000000704100000|  0%| F|  |TS  0|AC  0|TAMS 0x0000000704000000, 0x0000000704000000|
|  65|0x0000000704100000, 0x0000000704100000, 0x0000000704200000|  0%| F|  |TS  0|AC  0|TAMS 0x0000000704100000, 0x0000000704100000|
|  66|0x0000000704200000, 0x0000000704300000, 0x0000000704300000|100%|HS|  |TS  0|AC  0|TAMS 0x0000000704200000, 0x0000000704200000|
|  67|0x0000000704300000, 0x0000000704300000, 0x0000000704400000|  0%| F|  |TS  0|AC  0|TAMS 0x0000000704300000, 0x0000000704300000|
|  68|0x0000000704400000, 0x0000000704500000, 0x0000000704500000|100%|HS|  |TS  0|AC  0|TAMS 0x0000000704400000, 0x0000000704400000|
|  69|0x0000000704500000, 0x0000000704500000, 0x0000000704600000|  0%| F|  |TS  0|AC  0|TAMS 0x0000000704500000, 0x0000000704500000|
|  70|0x0000000704600000, 0x0000000704600000, 0x0000000704700000|  0%| F|  |TS  0|AC  0|TAMS 0x0000000704600000, 0x0000000704600000|
|  71|0x0000000704700000, 0x0000000704800000, 0x0000000704800000|100%|HS|  |TS  0|AC  0|TAMS 0x0000000704700000, 0x0000000704700000|
|  72|0x0000000704800000, 0x0000000704900000, 0x0000000704900000|100%|HS|  |TS  0|AC  0|TAMS 0x0000000704800000, 0x0000000704800000|
|  73|0x0000000704900000, 0x0000000704900000, 0x0000000704a00000|  0%| F|  |TS  0|AC  0|TAMS 0x0000000704900000, 0x0000000704900000|
|  74|0x0000000704a00000, 0x0000000704a00000, 0x0000000704b00000|  0%| F|  |TS  0|AC  0|TAMS 0x0000000704a00000, 0x0000000704a00000|
|  75|0x0000000704b00000, 0x0000000704b00000, 0x0000000704c00000|  0%| F|  |TS  0|AC  0|TAMS 0x0000000704b00000, 0x0000000704b00000|
|  76|0x0000000704c00000, 0x0000000704c00000, 0x0000000704d00000|  0%| F|  |TS  0|AC  0|TAMS 0x0000000704c00000, 0x0000000704c00000|
|  77|0x0000000704d00000, 0x0000000704d00000, 0x0000000704e00000|  0%| F|  |TS  0|AC  0|TAMS 0x0000000704d00000, 0x0000000704d00000|
|  78|0x0000000704e00000, 0x0000000704e00000, 0x0000000704f00000|  0%| F|  |TS  0|AC  0|TAMS 0x0000000704e00000, 0x0000000704e00000|
|  79|0x0000000704f00000, 0x0000000704f00000, 0x0000000705000000|  0%| F|  |TS  0|AC  0|TAMS 0x0000000704f00000, 0x0000000704f00000|
|  80|0x0000000705000000, 0x0000000705000000, 0x0000000705100000|  0%| F|  |TS  0|AC  0|TAMS 0x0000000705000000, 0x0000000705000000|
|  81|0x0000000705100000, 0x0000000705100000, 0x0000000705200000|  0%| F|  |TS  0|AC  0|TAMS 0x0000000705100000, 0x0000000705100000|
|  82|0x0000000705200000, 0x0000000705200000, 0x0000000705300000|  0%| F|  |TS  0|AC  0|TAMS 0x0000000705200000, 0x0000000705200000|
|  83|0x0000000705300000, 0x0000000705300000, 0x0000000705400000|  0%| F|  |TS  0|AC  0|TAMS 0x0000000705300000, 0x0000000705300000|
|  84|0x0000000705400000, 0x0000000705400000, 0x0000000705500000|  0%| F|  |TS  0|AC  0|TAMS 0x0000000705400000, 0x0000000705400000|
|  85|0x0000000705500000, 0x0000000705500000, 0x0000000705600000|  0%| F|  |TS  0|AC  0|TAMS 0x0000000705500000, 0x0000000705500000|
|  86|0x0000000705600000, 0x0000000705600000, 0x0000000705700000|  0%| F|  |TS  0|AC  0|TAMS 0x0000000705600000, 0x0000000705600000|
|  87|0x0000000705700000, 0x0000000705700000, 0x0000000705800000|  0%| F|  |TS  0|AC  0|TAMS 0x0000000705700000, 0x0000000705700000|
|  88|0x0000000705800000, 0x0000000705800000, 0x0000000705900000|  0%| F|  |TS  0|AC  0|TAMS 0x0000000705800000, 0x0000000705800000|
|  89|0x0000000705900000, 0x0000000705900000, 0x0000000705a00000|  0%| F|  |TS  0|AC  0|TAMS 0x0000000705900000, 0x0000000705900000|
|  90|0x0000000705a00000, 0x0000000705a00000, 0x0000000705b00000|  0%| F|  |TS  0|AC  0|TAMS 0x0000000705a00000, 0x0000000705a00000|
|  91|0x0000000705b00000, 0x0000000705b00000, 0x0000000705c00000|  0%| F|  |TS  0|AC  0|TAMS 0x0000000705b00000, 0x0000000705b00000|
|  92|0x0000000705c00000, 0x0000000705c00000, 0x0000000705d00000|  0%| F|  |TS  0|AC  0|TAMS 0x0000000705c00000, 0x0000000705c00000|
|  93|0x0000000705d00000, 0x0000000705d00000, 0x0000000705e00000|  0%| F|  |TS  0|AC  0|TAMS 0x0000000705d00000, 0x0000000705d00000|
|  94|0x0000000705e00000, 0x0000000705e00000, 0x0000000705f00000|  0%| F|  |TS  0|AC  0|TAMS 0x0000000705e00000, 0x0000000705e00000|
|  95|0x0000000705f00000, 0x0000000705f00000, 0x0000000706000000|  0%| F|  |TS  0|AC  0|TAMS 0x0000000705f00000, 0x0000000705f00000|
|  96|0x0000000706000000, 0x0000000706000000, 0x0000000706100000|  0%| F|  |TS  0|AC  0|TAMS 0x0000000706000000, 0x0000000706000000|
|  97|0x0000000706100000, 0x0000000706100000, 0x0000000706200000|  0%| F|  |TS  0|AC  0|TAMS 0x0000000706100000, 0x0000000706100000|
|  98|0x0000000706200000, 0x0000000706200000, 0x0000000706300000|  0%| F|  |TS  0|AC  0|TAMS 0x0000000706200000, 0x0000000706200000|
|  99|0x0000000706300000, 0x0000000706300000, 0x0000000706400000|  0%| F|  |TS  0|AC  0|TAMS 0x0000000706300000, 0x0000000706300000|
| 100|0x0000000706400000, 0x0000000706400000, 0x0000000706500000|  0%| F|  |TS  0|AC  0|TAMS 0x0000000706400000, 0x0000000706400000|
| 101|0x0000000706500000, 0x0000000706500000, 0x0000000706600000|  0%| F|  |TS  0|AC  0|TAMS 0x0000000706500000, 0x0000000706500000|
| 102|0x0000000706600000, 0x0000000706600000, 0x0000000706700000|  0%| F|  |TS  0|AC  0|TAMS 0x0000000706600000, 0x0000000706600000|
| 103|0x0000000706700000, 0x0000000706700000, 0x0000000706800000|  0%| F|  |TS  0|AC  0|TAMS 0x0000000706700000, 0x0000000706700000|
| 104|0x0000000706800000, 0x0000000706800000, 0x0000000706900000|  0%| F|  |TS  0|AC  0|TAMS 0x0000000706800000, 0x0000000706800000|
| 105|0x0000000706900000, 0x0000000706900000, 0x0000000706a00000|  0%| F|  |TS  0|AC  0|TAMS 0x0000000706900000, 0x0000000706900000|
| 106|0x0000000706a00000, 0x0000000706a00000, 0x0000000706b00000|  0%| F|  |TS  0|AC  0|TAMS 0x0000000706a00000, 0x0000000706a00000|
| 107|0x0000000706b00000, 0x0000000706b00000, 0x0000000706c00000|  0%| F|  |TS  0|AC  0|TAMS 0x0000000706b00000, 0x0000000706b00000|
| 108|0x0000000706c00000, 0x0000000706c00000, 0x0000000706d00000|  0%| F|  |TS  0|AC  0|TAMS 0x0000000706c00000, 0x0000000706c00000|
| 109|0x0000000706d00000, 0x0000000706d00000, 0x0000000706e00000|  0%| F|  |TS  0|AC  0|TAMS 0x0000000706d00000, 0x0000000706d00000|
| 110|0x0000000706e00000, 0x0000000706e00000, 0x0000000706f00000|  0%| F|  |TS  0|AC  0|TAMS 0x0000000706e00000, 0x0000000706e00000|
| 111|0x0000000706f00000, 0x0000000706f00000, 0x0000000707000000|  0%| F|  |TS  0|AC  0|TAMS 0x0000000706f00000, 0x0000000706f00000|
| 112|0x0000000707000000, 0x0000000707000000, 0x0000000707100000|  0%| F|  |TS  0|AC  0|TAMS 0x0000000707000000, 0x0000000707000000|
| 113|0x0000000707100000, 0x0000000707100000, 0x0000000707200000|  0%| F|  |TS  0|AC  0|TAMS 0x0000000707100000, 0x0000000707100000|
| 114|0x0000000707200000, 0x0000000707200000, 0x0000000707300000|  0%| F|  |TS  0|AC  0|TAMS 0x0000000707200000, 0x0000000707200000|
| 115|0x0000000707300000, 0x0000000707300000, 0x0000000707400000|  0%| F|  |TS  0|AC  0|TAMS 0x0000000707300000, 0x0000000707300000|
| 116|0x0000000707400000, 0x0000000707400000, 0x0000000707500000|  0%| F|  |TS  0|AC  0|TAMS 0x0000000707400000, 0x0000000707400000|
| 117|0x0000000707500000, 0x0000000707500000, 0x0000000707600000|  0%| F|  |TS  0|AC  0|TAMS 0x0000000707500000, 0x0000000707500000|
| 118|0x0000000707600000, 0x0000000707600000, 0x0000000707700000|  0%| F|  |TS  0|AC  0|TAMS 0x0000000707600000, 0x0000000707600000|
| 119|0x0000000707700000, 0x0000000707700000, 0x0000000707800000|  0%| F|  |TS  0|AC  0|TAMS 0x0000000707700000, 0x0000000707700000|
| 120|0x0000000707800000, 0x0000000707800000, 0x0000000707900000|  0%| F|  |TS  0|AC  0|TAMS 0x0000000707800000, 0x0000000707800000|
| 121|0x0000000707900000, 0x0000000707900000, 0x0000000707a00000|  0%| F|  |TS  0|AC  0|TAMS 0x0000000707900000, 0x0000000707900000|
| 122|0x0000000707a00000, 0x0000000707a00000, 0x0000000707b00000|  0%| F|  |TS  0|AC  0|TAMS 0x0000000707a00000, 0x0000000707a00000|
| 123|0x0000000707b00000, 0x0000000707b00000, 0x0000000707c00000|  0%| F|  |TS  0|AC  0|TAMS 0x0000000707b00000, 0x0000000707b00000|
| 124|0x0000000707c00000, 0x0000000707c00000, 0x0000000707d00000|  0%| F|  |TS  0|AC  0|TAMS 0x0000000707c00000, 0x0000000707c00000|
| 125|0x0000000707d00000, 0x0000000707d00000, 0x0000000707e00000|  0%| F|  |TS  0|AC  0|TAMS 0x0000000707d00000, 0x0000000707d00000|
| 126|0x0000000707e00000, 0x0000000707e00000, 0x0000000707f00000|  0%| F|  |TS  0|AC  0|TAMS 0x0000000707e00000, 0x0000000707e00000|
| 127|0x0000000707f00000, 0x0000000707f00000, 0x0000000708000000|  0%| F|  |TS  0|AC  0|TAMS 0x0000000707f00000, 0x0000000707f00000|
| 128|0x0000000708000000, 0x0000000708000000, 0x0000000708100000|  0%| F|  |TS  0|AC  0|TAMS 0x0000000708000000, 0x0000000708000000|
| 129|0x0000000708100000, 0x0000000708100000, 0x0000000708200000|  0%| F|  |TS  0|AC  0|TAMS 0x0000000708100000, 0x0000000708100000|
| 130|0x0000000708200000, 0x0000000708300000, 0x0000000708300000|100%| E|  |TS  0|AC  0|TAMS 0x0000000708200000, 0x0000000708200000|
| 131|0x0000000708300000, 0x0000000708400000, 0x0000000708400000|100%| E|CS|TS  0|AC  0|TAMS 0x0000000708300000, 0x0000000708300000|
| 132|0x0000000708400000, 0x0000000708500000, 0x0000000708500000|100%| E|CS|TS  0|AC  0|TAMS 0x0000000708400000, 0x0000000708400000|
| 133|0x0000000708500000, 0x0000000708600000, 0x0000000708600000|100%| E|CS|TS  0|AC  0|TAMS 0x0000000708500000, 0x0000000708500000|
| 134|0x0000000708600000, 0x0000000708700000, 0x0000000708700000|100%| E|CS|TS  0|AC  0|TAMS 0x0000000708600000, 0x0000000708600000|
| 135|0x0000000708700000, 0x0000000708800000, 0x0000000708800000|100%| E|CS|TS  0|AC  0|TAMS 0x0000000708700000, 0x0000000708700000|
| 136|0x0000000708800000, 0x0000000708900000, 0x0000000708900000|100%| E|CS|TS  0|AC  0|TAMS 0x0000000708800000, 0x0000000708800000|
| 137|0x0000000708900000, 0x0000000708a00000, 0x0000000708a00000|100%| E|CS|TS  0|AC  0|TAMS 0x0000000708900000, 0x0000000708900000|
| 138|0x0000000708a00000, 0x0000000708b00000, 0x0000000708b00000|100%| E|CS|TS  0|AC  0|TAMS 0x0000000708a00000, 0x0000000708a00000|
| 139|0x0000000708b00000, 0x0000000708c00000, 0x0000000708c00000|100%| E|CS|TS  0|AC  0|TAMS 0x0000000708b00000, 0x0000000708b00000|
| 140|0x0000000708c00000, 0x0000000708d00000, 0x0000000708d00000|100%| E|CS|TS  0|AC  0|TAMS 0x0000000708c00000, 0x0000000708c00000|
| 141|0x0000000708d00000, 0x0000000708e00000, 0x0000000708e00000|100%| E|CS|TS  0|AC  0|TAMS 0x0000000708d00000, 0x0000000708d00000|
| 142|0x0000000708e00000, 0x0000000708f00000, 0x0000000708f00000|100%| E|CS|TS  0|AC  0|TAMS 0x0000000708e00000, 0x0000000708e00000|
| 143|0x0000000708f00000, 0x0000000709000000, 0x0000000709000000|100%| E|CS|TS  0|AC  0|TAMS 0x0000000708f00000, 0x0000000708f00000|
| 144|0x0000000709000000, 0x0000000709100000, 0x0000000709100000|100%| E|CS|TS  0|AC  0|TAMS 0x0000000709000000, 0x0000000709000000|
| 145|0x0000000709100000, 0x0000000709200000, 0x0000000709200000|100%| E|CS|TS  0|AC  0|TAMS 0x0000000709100000, 0x0000000709100000|
| 146|0x0000000709200000, 0x0000000709300000, 0x0000000709300000|100%| E|CS|TS  0|AC  0|TAMS 0x0000000709200000, 0x0000000709200000|
| 147|0x0000000709300000, 0x0000000709400000, 0x0000000709400000|100%| E|CS|TS  0|AC  0|TAMS 0x0000000709300000, 0x0000000709300000|
| 148|0x0000000709400000, 0x0000000709500000, 0x0000000709500000|100%| E|CS|TS  0|AC  0|TAMS 0x0000000709400000, 0x0000000709400000|
| 149|0x0000000709500000, 0x0000000709600000, 0x0000000709600000|100%| E|CS|TS  0|AC  0|TAMS 0x0000000709500000, 0x0000000709500000|
| 150|0x0000000709600000, 0x0000000709700000, 0x0000000709700000|100%| E|CS|TS  0|AC  0|TAMS 0x0000000709600000, 0x0000000709600000|
| 151|0x0000000709700000, 0x0000000709800000, 0x0000000709800000|100%| E|CS|TS  0|AC  0|TAMS 0x0000000709700000, 0x0000000709700000|
| 152|0x0000000709800000, 0x0000000709900000, 0x0000000709900000|100%| E|CS|TS  0|AC  0|TAMS 0x0000000709800000, 0x0000000709800000|
| 153|0x0000000709900000, 0x0000000709a00000, 0x0000000709a00000|100%| E|CS|TS  0|AC  0|TAMS 0x0000000709900000, 0x0000000709900000|
| 154|0x0000000709a00000, 0x0000000709b00000, 0x0000000709b00000|100%| E|CS|TS  0|AC  0|TAMS 0x0000000709a00000, 0x0000000709a00000|
| 155|0x0000000709b00000, 0x0000000709c00000, 0x0000000709c00000|100%| E|CS|TS  0|AC  0|TAMS 0x0000000709b00000, 0x0000000709b00000|
| 156|0x0000000709c00000, 0x0000000709d00000, 0x0000000709d00000|100%| E|CS|TS  0|AC  0|TAMS 0x0000000709c00000, 0x0000000709c00000|
| 157|0x0000000709d00000, 0x0000000709e00000, 0x0000000709e00000|100%| E|CS|TS  0|AC  0|TAMS 0x0000000709d00000, 0x0000000709d00000|
| 158|0x0000000709e00000, 0x0000000709f00000, 0x0000000709f00000|100%| E|CS|TS  0|AC  0|TAMS 0x0000000709e00000, 0x0000000709e00000|
| 159|0x0000000709f00000, 0x000000070a000000, 0x000000070a000000|100%| E|CS|TS  0|AC  0|TAMS 0x0000000709f00000, 0x0000000709f00000|
| 160|0x000000070a000000, 0x000000070a100000, 0x000000070a100000|100%| E|CS|TS  0|AC  0|TAMS 0x000000070a000000, 0x000000070a000000|
| 161|0x000000070a100000, 0x000000070a200000, 0x000000070a200000|100%| E|CS|TS  0|AC  0|TAMS 0x000000070a100000, 0x000000070a100000|
| 162|0x000000070a200000, 0x000000070a300000, 0x000000070a300000|100%| E|CS|TS  0|AC  0|TAMS 0x000000070a200000, 0x000000070a200000|
| 163|0x000000070a300000, 0x000000070a400000, 0x000000070a400000|100%| E|CS|TS  0|AC  0|TAMS 0x000000070a300000, 0x000000070a300000|
| 164|0x000000070a400000, 0x000000070a500000, 0x000000070a500000|100%| E|CS|TS  0|AC  0|TAMS 0x000000070a400000, 0x000000070a400000|
| 165|0x000000070a500000, 0x000000070a600000, 0x000000070a600000|100%| E|CS|TS  0|AC  0|TAMS 0x000000070a500000, 0x000000070a500000|
| 166|0x000000070a600000, 0x000000070a700000, 0x000000070a700000|100%| E|CS|TS  0|AC  0|TAMS 0x000000070a600000, 0x000000070a600000|
| 167|0x000000070a700000, 0x000000070a800000, 0x000000070a800000|100%| E|CS|TS  0|AC  0|TAMS 0x000000070a700000, 0x000000070a700000|
| 168|0x000000070a800000, 0x000000070a900000, 0x000000070a900000|100%| E|CS|TS  0|AC  0|TAMS 0x000000070a800000, 0x000000070a800000|
| 169|0x000000070a900000, 0x000000070aa00000, 0x000000070aa00000|100%| E|CS|TS  0|AC  0|TAMS 0x000000070a900000, 0x000000070a900000|
| 170|0x000000070aa00000, 0x000000070ab00000, 0x000000070ab00000|100%| E|CS|TS  0|AC  0|TAMS 0x000000070aa00000, 0x000000070aa00000|
| 171|0x000000070ab00000, 0x000000070ac00000, 0x000000070ac00000|100%| E|CS|TS  0|AC  0|TAMS 0x000000070ab00000, 0x000000070ab00000|
| 172|0x000000070ac00000, 0x000000070ad00000, 0x000000070ad00000|100%| E|CS|TS  0|AC  0|TAMS 0x000000070ac00000, 0x000000070ac00000|
| 173|0x000000070ad00000, 0x000000070ae00000, 0x000000070ae00000|100%| E|CS|TS  0|AC  0|TAMS 0x000000070ad00000, 0x000000070ad00000|
| 174|0x000000070ae00000, 0x000000070af00000, 0x000000070af00000|100%| E|CS|TS  0|AC  0|TAMS 0x000000070ae00000, 0x000000070ae00000|
| 175|0x000000070af00000, 0x000000070b000000, 0x000000070b000000|100%| E|CS|TS  0|AC  0|TAMS 0x000000070af00000, 0x000000070af00000|
| 176|0x000000070b000000, 0x000000070b100000, 0x000000070b100000|100%| E|CS|TS  0|AC  0|TAMS 0x000000070b000000, 0x000000070b000000|
| 177|0x000000070b100000, 0x000000070b200000, 0x000000070b200000|100%| E|CS|TS  0|AC  0|TAMS 0x000000070b100000, 0x000000070b100000|
| 178|0x000000070b200000, 0x000000070b300000, 0x000000070b300000|100%| E|CS|TS  0|AC  0|TAMS 0x000000070b200000, 0x000000070b200000|
| 179|0x000000070b300000, 0x000000070b400000, 0x000000070b400000|100%| E|CS|TS  0|AC  0|TAMS 0x000000070b300000, 0x000000070b300000|
| 180|0x000000070b400000, 0x000000070b500000, 0x000000070b500000|100%| E|CS|TS  0|AC  0|TAMS 0x000000070b400000, 0x000000070b400000|
| 181|0x000000070b500000, 0x000000070b600000, 0x000000070b600000|100%| E|CS|TS  0|AC  0|TAMS 0x000000070b500000, 0x000000070b500000|
| 182|0x000000070b600000, 0x000000070b700000, 0x000000070b700000|100%| E|CS|TS  0|AC  0|TAMS 0x000000070b600000, 0x000000070b600000|
| 183|0x000000070b700000, 0x000000070b800000, 0x000000070b800000|100%| E|CS|TS  0|AC  0|TAMS 0x000000070b700000, 0x000000070b700000|
| 184|0x000000070b800000, 0x000000070b900000, 0x000000070b900000|100%| E|CS|TS  0|AC  0|TAMS 0x000000070b800000, 0x000000070b800000|

Card table byte_map: [0x0000024caebd0000,0x0000024caf1d0000] byte_map_base: 0x0000024cab3d0000

Marking Bits (Prev, Next): (CMBitMap*) 0x0000024cb19dfcf8, (CMBitMap*) 0x0000024cb19dfcc0
 Prev Bits: [0x0000024cca6a0000, 0x0000024ccd6a0000)
 Next Bits: [0x0000024cc76a0000, 0x0000024cca6a0000)

Polling page: 0x0000024ca49c0000

CodeHeap 'non-profiled nmethods': size=119168Kb used=12665Kb max_used=12665Kb free=106502Kb
 bounds [0x0000024cc0240000, 0x0000024cc0ea0000, 0x0000024cc76a0000]
CodeHeap 'profiled nmethods': size=119168Kb used=35986Kb max_used=35986Kb free=83181Kb
 bounds [0x0000024cb8de0000, 0x0000024cbb120000, 0x0000024cc0240000]
CodeHeap 'non-nmethods': size=7424Kb used=3398Kb max_used=3451Kb free=4025Kb
 bounds [0x0000024cb86a0000, 0x0000024cb8a10000, 0x0000024cb8de0000]
 total_blobs=21769 nmethods=13922 adapters=1012
 compilation: enabled

Compilation events (10 events):
Event: 113.174 Thread 0x0000024ca7d07800 nmethod 15384 0x0000024cbb0f8110 code [0x0000024cbb0f83a0, 0x0000024cbb0f9360]
Event: 113.176 Thread 0x0000024ca7d06000 15387       3       com.jidesoft.swing.FastGradientPainter::drawGradient (394 bytes)
Event: 113.179 Thread 0x0000024ca7d06000 nmethod 15387 0x0000024cbb0f9790 code [0x0000024cbb0f9a80, 0x0000024cbb0faff0]
Event: 113.186 Thread 0x0000024cae185800 15388       4       java.util.TimSort::sort (229 bytes)
Event: 113.189 Thread 0x0000024cae184800 15389       4       java.util.Arrays::sort (37 bytes)
Event: 113.190 Thread 0x0000024cae182800 15390       4       java.awt.RenderingHints::keySet (8 bytes)
Event: 113.191 Thread 0x0000024ca7d01800 15391       3       de.javasoft.plaf.synthetica.painter.SyntheticaBasicIconPainter::getIconWidth (12 bytes)
Event: 113.192 Thread 0x0000024ca7d01800 nmethod 15391 0x0000024cbb0fb710 code [0x0000024cbb0fb920, 0x0000024cbb0fbe30]
Event: 113.193 Thread 0x0000024cae182800 nmethod 15390 0x0000024cc0e93010 code [0x0000024cc0e931a0, 0x0000024cc0e93398]
Event: 113.198 Thread 0x0000024cae182000 15392       4       de.javasoft.plaf.synthetica.painter.ImagePainter::drawCenter (187 bytes)

GC Heap History (10 events):
Event: 37.313 GC heap before
{Heap before GC invocations=27 (full 1):
 garbage-first heap   total 189440K, used 126173K [0x0000000700000000, 0x00000007001005c8, 0x00000007c0000000)
  region size 1024K, 60 young (61440K), 4 survivors (4096K)
 Metaspace       used 70235K, capacity 74153K, committed 74496K, reserved 1114112K
  class space    used 9671K, capacity 10379K, committed 10496K, reserved 1048576K
}
Event: 37.317 GC heap after
{Heap after GC invocations=28 (full 1):
 garbage-first heap   total 189440K, used 68675K [0x0000000700000000, 0x00000007001005c8, 0x00000007c0000000)
  region size 1024K, 4 young (4096K), 4 survivors (4096K)
 Metaspace       used 70235K, capacity 74153K, committed 74496K, reserved 1114112K
  class space    used 9671K, capacity 10379K, committed 10496K, reserved 1048576K
}
Event: 38.568 GC heap before
{Heap before GC invocations=28 (full 1):
 garbage-first heap   total 189440K, used 126019K [0x0000000700000000, 0x00000007001005c8, 0x00000007c0000000)
  region size 1024K, 60 young (61440K), 4 survivors (4096K)
 Metaspace       used 71849K, capacity 75815K, committed 76032K, reserved 1114112K
  class space    used 9961K, capacity 10656K, committed 10752K, reserved 1048576K
}
Event: 38.576 GC heap after
{Heap after GC invocations=29 (full 1):
 garbage-first heap   total 189440K, used 73231K [0x0000000700000000, 0x00000007001005c8, 0x00000007c0000000)
  region size 1024K, 8 young (8192K), 8 survivors (8192K)
 Metaspace       used 71849K, capacity 75815K, committed 76032K, reserved 1114112K
  class space    used 9961K, capacity 10656K, committed 10752K, reserved 1048576K
}
Event: 38.858 GC heap before
{Heap before GC invocations=29 (full 1):
 garbage-first heap   total 189440K, used 126479K [0x0000000700000000, 0x00000007001005c8, 0x00000007c0000000)
  region size 1024K, 60 young (61440K), 8 survivors (8192K)
 Metaspace       used 72236K, capacity 76235K, committed 76544K, reserved 1116160K
  class space    used 9998K, capacity 10688K, committed 10752K, reserved 1048576K
}
Event: 38.864 GC heap after
{Heap after GC invocations=30 (full 1):
 garbage-first heap   total 189440K, used 72857K [0x0000000700000000, 0x00000007001005c8, 0x00000007c0000000)
  region size 1024K, 2 young (2048K), 2 survivors (2048K)
 Metaspace       used 72236K, capacity 76235K, committed 76544K, reserved 1116160K
  class space    used 9998K, capacity 10688K, committed 10752K, reserved 1048576K
}
Event: 39.711 GC heap before
{Heap before GC invocations=30 (full 1):
 garbage-first heap   total 189440K, used 132249K [0x0000000700000000, 0x00000007001005c8, 0x00000007c0000000)
  region size 1024K, 60 young (61440K), 2 survivors (2048K)
 Metaspace       used 74508K, capacity 78761K, committed 78848K, reserved 1116160K
  class space    used 10401K, capacity 11185K, committed 11264K, reserved 1048576K
}
Event: 39.716 GC heap after
{Heap after GC invocations=31 (full 1):
 garbage-first heap   total 189440K, used 74692K [0x0000000700000000, 0x00000007001005c8, 0x00000007c0000000)
  region size 1024K, 4 young (4096K), 4 survivors (4096K)
 Metaspace       used 74508K, capacity 78761K, committed 78848K, reserved 1116160K
  class space    used 10401K, capacity 11185K, committed 11264K, reserved 1048576K
}
Event: 41.583 GC heap before
{Heap before GC invocations=31 (full 1):
 garbage-first heap   total 189440K, used 102340K [0x0000000700000000, 0x00000007001005c8, 0x00000007c0000000)
  region size 1024K, 31 young (31744K), 4 survivors (4096K)
 Metaspace       used 75652K, capacity 80235K, committed 80512K, reserved 1118208K
  class space    used 10574K, capacity 11370K, committed 11392K, reserved 1048576K
}
Event: 41.753 GC heap after
{Heap after GC invocations=32 (full 2):
 garbage-first heap   total 189440K, used 66918K [0x0000000700000000, 0x00000007001005c8, 0x00000007c0000000)
  region size 1024K, 0 young (0K), 0 survivors (0K)
 Metaspace       used 75652K, capacity 80235K, committed 80512K, reserved 1118208K
  class space    used 10574K, capacity 11370K, committed 11392K, reserved 1048576K
}

Deoptimization events (10 events):
Event: 39.929 Thread 0x0000024cd0098800 Uncommon trap: reason=class_check action=maybe_recompile pc=0x0000024cc0b8ea3c method=sun.java2d.SunGraphics2D.validateCompClip()V @ 69 c2
Event: 40.025 Thread 0x0000024cd0098800 Uncommon trap: reason=unstable_if action=reinterpret pc=0x0000024cc076d0c8 method=java.io.ByteArrayInputStream.read()I @ 8 c2
Event: 40.034 Thread 0x0000024cd0098800 Uncommon trap: reason=unstable_if action=reinterpret pc=0x0000024cc0c9f3b4 method=com.jidesoft.grid.JideTable.isVariousRowHeights()Z @ 12 c2
Event: 40.042 Thread 0x0000024cd0098800 Uncommon trap: reason=bimorphic_or_optimized_type_check action=maybe_recompile pc=0x0000024cc0d89b80 method=java.awt.BorderLayout.minimumLayoutSize(Ljava/awt/Container;)Ljava/awt/Dimension; @ 264 c2
Event: 40.055 Thread 0x0000024cd0098800 Uncommon trap: reason=class_check action=maybe_recompile pc=0x0000024cc0b8ea3c method=sun.java2d.SunGraphics2D.validateCompClip()V @ 69 c2
Event: 40.064 Thread 0x0000024cd0098800 Uncommon trap: reason=class_check action=maybe_recompile pc=0x0000024cc0b8ea3c method=sun.java2d.SunGraphics2D.validateCompClip()V @ 69 c2
Event: 40.505 Thread 0x0000024cd0098800 Uncommon trap: reason=array_check action=maybe_recompile pc=0x0000024cc0e02f44 method=java.util.TimSort.reverseRange([Ljava/lang/Object;II)V @ 27 c2
Event: 40.506 Thread 0x0000024cd0098800 Uncommon trap: reason=array_check action=maybe_recompile pc=0x0000024cc0e02f44 method=java.util.TimSort.reverseRange([Ljava/lang/Object;II)V @ 27 c2
Event: 64.832 Thread 0x0000024cd1755000 Uncommon trap: reason=unstable_if action=reinterpret pc=0x0000024cc0ae4604 method=java.util.HashMap.removeNode(ILjava/lang/Object;Ljava/lang/Object;ZZ)Ljava/util/HashMap$Node; @ 97 c2
Event: 112.656 Thread 0x0000024cd0098800 Uncommon trap: reason=predicate action=maybe_recompile pc=0x0000024cc0e58da8 method=java.util.TimSort.binarySort([Ljava/lang/Object;IIILjava/util/Comparator;)V @ 37 c2

Classes redefined (0 events):
No events

Internal exceptions (10 events):
Event: 39.602 Thread 0x0000024cd0098800 Exception <a 'java/lang/NoSuchMethodError'{0x0000000709db9188}: method resolution failed> (0x0000000709db9188) thrown at [t:/workspace/hotspot/src/share/vm/prims/methodHandles.cpp, line 1256]
Event: 39.618 Thread 0x0000024cd0098800 Implicit null exception at 0x0000024cc0632f81 to 0x0000024cc0633959
Event: 39.885 Thread 0x0000024cd0098800 Exception <a 'java/lang/NoSuchMethodError'{0x000000070adec850}: method resolution failed> (0x000000070adec850) thrown at [t:/workspace/hotspot/src/share/vm/prims/methodHandles.cpp, line 1256]
Event: 39.885 Thread 0x0000024cd0098800 Exception <a 'java/lang/NoSuchMethodError'{0x000000070adf16c8}: java.lang.invoke.DelegatingMethodHandle$Holder.reinvoke_L(Ljava/lang/Object;Ljava/lang/Object;IILjava/lang/Object;Ljava/lang/Object;Ljava/lang/Object;Ljava/lang/Object;Ljava/lang/Object;ILjav
Event: 39.888 Thread 0x0000024cd0098800 Exception <a 'java/lang/NoSuchMethodError'{0x000000070ac77a38}: java.lang.invoke.DirectMethodHandle$Holder.invokeSpecial(Ljava/lang/Object;Ljava/lang/Object;IILjava/lang/Object;Ljava/lang/Object;Ljava/lang/Object;Ljava/lang/Object;Ljava/lang/Object;ILjava
Event: 39.888 Thread 0x0000024cd0098800 Exception <a 'java/lang/NoSuchMethodError'{0x000000070ac7c070}: java.lang.invoke.DelegatingMethodHandle$Holder.reinvoke_L(Ljava/lang/Object;IILjava/lang/Object;Ljava/lang/Object;Ljava/lang/Object;Ljava/lang/Object;Ljava/lang/Object;ILjava/lang/Object;Ljav
Event: 39.892 Thread 0x0000024cd0098800 Exception <a 'java/lang/NoSuchMethodError'{0x000000070ab3d0a0}: method resolution failed> (0x000000070ab3d0a0) thrown at [t:/workspace/hotspot/src/share/vm/prims/methodHandles.cpp, line 1256]
Event: 39.893 Thread 0x0000024cd0098800 Exception <a 'java/lang/NoSuchMethodError'{0x000000070ab60870}: method resolution failed> (0x000000070ab60870) thrown at [t:/workspace/hotspot/src/share/vm/prims/methodHandles.cpp, line 1256]
Event: 39.893 Thread 0x0000024cd0098800 Exception <a 'java/lang/NoSuchMethodError'{0x000000070ab70858}: method resolution failed> (0x000000070ab70858) thrown at [t:/workspace/hotspot/src/share/vm/prims/methodHandles.cpp, line 1256]
Event: 39.893 Thread 0x0000024cd0098800 Exception <a 'java/lang/NoSuchMethodError'{0x000000070ab752e0}: java.lang.invoke.DelegatingMethodHandle$Holder.reinvoke_L(Ljava/lang/Object;Ljava/lang/Object;Ljava/lang/Object;Ljava/lang/Object;Ljava/lang/Object;Ljava/lang/Object;ILjava/lang/Object;Ljava/

Events (10 events):
Event: 111.376 Thread 0x0000024cd2f4d800 Thread exited: 0x0000024cd2f4d800
Event: 112.203 loading class ui/views/O/a/w
Event: 112.203 loading class ui/views/O/a/w done
Event: 112.656 Thread 0x0000024cd0098800 Uncommon trap: trap_request=0xffffff86 fr.pc=0x0000024cc0e58da8 relative=0x0000000000000548
Event: 112.656 Thread 0x0000024cd0098800 DEOPT PACKING pc=0x0000024cc0e58da8 sp=0x00000099865f1d60
Event: 112.656 Thread 0x0000024cd0098800 DEOPT UNPACKING pc=0x0000024cb86eda29 sp=0x00000099865f1c68 mode 2
Event: 112.809 Thread 0x0000024cd2f4d800 Thread added: 0x0000024cd2f4d800
Event: 112.816 Thread 0x0000024cd2f4d800 Thread exited: 0x0000024cd2f4d800
Event: 113.152 loading class ui/views/O/i/c
Event: 113.152 loading class ui/views/O/i/c done


Dynamic libraries:
0x00007ff6b0150000 - 0x00007ff6b0180000 	D:\Vivado2021\Vivado\2019.2\bin\unwrapped\win64.o\vivado.exe
0x00007fff2dc10000 - 0x00007fff2de08000 	C:\WINDOWS\SYSTEM32\ntdll.dll
0x00007fff2d090000 - 0x00007fff2d14f000 	C:\WINDOWS\System32\KERNEL32.DLL
0x00007fff2b940000 - 0x00007fff2bc36000 	C:\WINDOWS\System32\KERNELBASE.dll
0x00007fff2b500000 - 0x00007fff2b600000 	C:\WINDOWS\System32\ucrtbase.dll
0x00007fff23780000 - 0x00007fff2380e000 	C:\WINDOWS\SYSTEM32\MSVCP140.dll
0x00007fff13c20000 - 0x00007fff13c3b000 	C:\WINDOWS\SYSTEM32\VCRUNTIME140.dll
0x00007fff24a90000 - 0x00007fff24aa4000 	D:\Vivado2021\Vivado\2019.2\lib\win64.o\libboost_signals.dll
0x00007fff23870000 - 0x00007fff23886000 	D:\Vivado2021\Vivado\2019.2\lib\win64.o\librdi_commonmain.dll
0x00007ffeb72e0000 - 0x00007ffeb8223000 	D:\Vivado2021\Vivado\2019.2\lib\win64.o\librdi_common.dll
0x00007fff23770000 - 0x00007fff2377c000 	C:\WINDOWS\SYSTEM32\VCRUNTIME140_1.dll
0x00007fff2cef0000 - 0x00007fff2d08d000 	C:\WINDOWS\System32\USER32.dll
0x00007fff2b7f0000 - 0x00007fff2b812000 	C:\WINDOWS\System32\win32u.dll
0x00007fff2d260000 - 0x00007fff2d28c000 	C:\WINDOWS\System32\GDI32.dll
0x00007fff2b820000 - 0x00007fff2b935000 	C:\WINDOWS\System32\gdi32full.dll
0x00007fff2b460000 - 0x00007fff2b4fd000 	C:\WINDOWS\System32\msvcp_win.dll
0x00007fff2cd50000 - 0x00007fff2cdff000 	C:\WINDOWS\System32\ADVAPI32.dll
0x00007fff23840000 - 0x00007fff23866000 	D:\Vivado2021\Vivado\2019.2\lib\win64.o\libboost_filesystem.dll
0x00007fff24b70000 - 0x00007fff24b7a000 	D:\Vivado2021\Vivado\2019.2\lib\win64.o\librdi_commonversion.dll
0x00007fff2d150000 - 0x00007fff2d1ee000 	C:\WINDOWS\System32\msvcrt.dll
0x00007fff2d3e0000 - 0x00007fff2d47c000 	C:\WINDOWS\System32\sechost.dll
0x00007ffed4ed0000 - 0x00007ffed5071000 	D:\Vivado2021\Vivado\2019.2\lib\win64.o\librdi_commonxillic.dll
0x00007fff2c4b0000 - 0x00007fff2c5d6000 	C:\WINDOWS\System32\RPCRT4.dll
0x00007fff2d1f0000 - 0x00007fff2d25b000 	C:\WINDOWS\System32\WS2_32.dll
0x00007fff2d480000 - 0x00007fff2dbc4000 	C:\WINDOWS\System32\SHELL32.dll
0x00007fff2bc40000 - 0x00007fff2bc67000 	C:\WINDOWS\System32\bcrypt.dll
0x0000000051bd0000 - 0x0000000051cfb000 	D:\Vivado2021\Vivado\2019.2\lib\win64.o\tcl85t.dll
0x00007ffed4460000 - 0x00007ffed47ce000 	D:\Vivado2021\Vivado\2019.2\lib\win64.o\libCOIN-all.dll
0x00007fff23820000 - 0x00007fff23834000 	D:\Vivado2021\Vivado\2019.2\lib\win64.o\libboost_date_time.dll
0x00007ffed4e50000 - 0x00007ffed4ecf000 	D:\Vivado2021\Vivado\2019.2\lib\win64.o\libboost_program_options.dll
0x00007fff24ae0000 - 0x00007fff24aeb000 	D:\Vivado2021\Vivado\2019.2\lib\win64.o\libboost_system.dll
0x00007ffed4d30000 - 0x00007ffed4e44000 	D:\Vivado2021\Vivado\2019.2\lib\win64.o\libboost_regex.dll
0x00007fff23740000 - 0x00007fff23761000 	D:\Vivado2021\Vivado\2019.2\lib\win64.o\libboost_thread.dll
0x00007fff23810000 - 0x00007fff2381f000 	D:\Vivado2021\Vivado\2019.2\lib\win64.o\libboost_xilinx.dll
0x00007ffed43d0000 - 0x00007ffed4452000 	D:\Vivado2021\Vivado\2019.2\lib\win64.o\libhdlpsolve.dll
0x00007ffed4320000 - 0x00007ffed43c5000 	D:\Vivado2021\Vivado\2019.2\lib\win64.o\libhdxml.dll
0x00007ffed42f0000 - 0x00007ffed431e000 	D:\Vivado2021\Vivado\2019.2\lib\win64.o\libisl_sysinfo.dll
0x00007ffed42d0000 - 0x00007ffed42ea000 	D:\Vivado2021\Vivado\2019.2\lib\win64.o\pthreadVC2.dll
0x00007ffed4260000 - 0x00007ffed42c5000 	D:\Vivado2021\Vivado\2019.2\lib\win64.o\liblmx6.0.dll
0x00007ffed4210000 - 0x00007ffed422c000 	D:\Vivado2021\Vivado\2019.2\lib\win64.o\librdiconfig.dll
0x00007ffed4230000 - 0x00007ffed4251000 	D:\Vivado2021\Vivado\2019.2\lib\win64.o\librdizlib.dll
0x0000000012000000 - 0x0000000012270000 	D:\Vivado2021\Vivado\2019.2\lib\win64.o\xerces-c_3_1.dll
0x00007ffeb66e0000 - 0x00007ffeb72dc200 	D:\Vivado2021\Vivado\2019.2\lib\win64.o\libisl_iostreams.dll
0x00007ffed3f30000 - 0x00007ffed420b000 	D:\Vivado2021\Vivado\2019.2\lib\win64.o\libXil_lmgr11.dll
0x00007fff2ce10000 - 0x00007fff2ceea000 	C:\WINDOWS\System32\COMDLG32.dll
0x00007fff2c640000 - 0x00007fff2c994000 	C:\WINDOWS\System32\combase.dll
0x00007fff2be20000 - 0x00007fff2becd000 	C:\WINDOWS\System32\shcore.dll
0x00007fff18330000 - 0x00007fff18349000 	C:\WINDOWS\SYSTEM32\NETAPI32.dll
0x00007fff0ba20000 - 0x00007fff0bef6000 	C:\WINDOWS\SYSTEM32\WININET.dll
0x00007fff2c5e0000 - 0x00007fff2c635000 	C:\WINDOWS\System32\SHLWAPI.dll
0x00007fff261b0000 - 0x00007fff262ba000 	C:\WINDOWS\SYSTEM32\WINHTTP.dll
0x00007fff13fc0000 - 0x00007fff141ad000 	C:\WINDOWS\SYSTEM32\urlmon.dll
0x00007fff2d290000 - 0x00007fff2d35d000 	C:\WINDOWS\System32\OLEAUT32.dll
0x00007fff2cbf0000 - 0x00007fff2cd1a000 	C:\WINDOWS\System32\ole32.dll
0x00007fff2b3a0000 - 0x00007fff2b407000 	C:\WINDOWS\System32\WINTRUST.dll
0x00007fff23730000 - 0x00007fff23739000 	C:\WINDOWS\SYSTEM32\WSOCK32.dll
0x00007ffed3ef0000 - 0x00007ffed3f21000 	C:\WINDOWS\SYSTEM32\VCOMP140.DLL
0x00007fff2b690000 - 0x00007fff2b7ee000 	C:\WINDOWS\System32\CRYPT32.dll
0x00007ffeb5840000 - 0x00007ffeb66d1000 	D:\Vivado2021\Vivado\2019.2\lib\win64.o\gurobi65.dll
0x00007ffee26b0000 - 0x00007ffee26bd000 	D:\Vivado2021\Vivado\2019.2\lib\win64.o\libboost_chrono.dll
0x00007ffed3ed0000 - 0x00007ffed3eeb000 	D:\Vivado2021\Vivado\2019.2\lib\win64.o\libboost_iostreams.dll
0x00007ffed3ea0000 - 0x00007ffed3ec5000 	D:\Vivado2021\Vivado\2019.2\lib\win64.o\libisl_iosutils.dll
0x00007fff0b000000 - 0x00007fff0b0b0000 	C:\WINDOWS\WinSxS\amd64_microsoft.windows.common-controls_6595b64144ccf1df_5.82.19041.1110_none_792d1c772443f647\COMCTL32.dll
0x00007fff18580000 - 0x00007fff1883c000 	C:\WINDOWS\SYSTEM32\iertutil.dll
0x00007fff13f90000 - 0x00007fff13fb9000 	C:\WINDOWS\SYSTEM32\srvcli.dll
0x00007fff2a840000 - 0x00007fff2a84c000 	C:\WINDOWS\SYSTEM32\netutils.dll
0x00007fff25160000 - 0x00007fff2517d000 	C:\WINDOWS\SYSTEM32\dhcpcsvc.DLL
0x00007fff2cd20000 - 0x00007fff2cd50000 	C:\WINDOWS\System32\IMM32.DLL
0x00007fff2aec0000 - 0x00007fff2aed2000 	C:\WINDOWS\SYSTEM32\MSASN1.dll
0x00007fff29a30000 - 0x00007fff29a42000 	C:\WINDOWS\SYSTEM32\kernel.appcore.dll
0x00007ffec3eb0000 - 0x00007ffec43c7000 	D:\Vivado2021\Vivado\2019.2\lib\win64.o\librdi_commontasks.dll
0x00007fff29f90000 - 0x00007fff29f9a000 	C:\WINDOWS\SYSTEM32\VERSION.dll
0x00007ffec0c90000 - 0x00007ffec0f73000 	D:\Vivado2021\Vivado\2019.2\lib\win64.o\librdi_sio.dll
0x00000000511a0000 - 0x0000000051bc5000 	D:\Vivado2021\Vivado\2019.2\tps\win64\jre9.0.4\bin\server\jvm.dll
0x00007fff2a730000 - 0x00007fff2a76b000 	C:\WINDOWS\SYSTEM32\IPHLPAPI.DLL
0x00007fff2cbe0000 - 0x00007fff2cbe8000 	C:\WINDOWS\System32\PSAPI.DLL
0x00007fff21a40000 - 0x00007fff21a67000 	C:\WINDOWS\SYSTEM32\WINMM.dll
0x00007fff10d00000 - 0x00007fff10def000 	C:\WINDOWS\SYSTEM32\MSVCR120.dll
0x00007fff2aa90000 - 0x00007fff2aafa000 	C:\WINDOWS\SYSTEM32\MSWSOCK.DLL
0x00007fff29230000 - 0x00007fff299c3000 	C:\WINDOWS\SYSTEM32\windows.storage.dll
0x00007fff2ad30000 - 0x00007fff2ad5e000 	C:\WINDOWS\SYSTEM32\Wldp.dll
0x00007ffeb30f0000 - 0x00007ffeb5835000 	D:\Vivado2021\Vivado\2019.2\lib\win64.o\librdi_tcltasks.dll
0x00007ffed3cc0000 - 0x00007ffed3d3b000 	D:\Vivado2021\Vivado\2019.2\lib\win64.o\librdi_boarddep.dll
0x00007ffeb9cf0000 - 0x00007ffeb9e8d000 	D:\Vivado2021\Vivado\2019.2\lib\win64.o\librdi_board.dll
0x00007ffeb9e90000 - 0x00007ffeba344000 	D:\Vivado2021\Vivado\2019.2\lib\win64.o\librdi_bitstream.dll
0x00007ffed3d40000 - 0x00007ffed3e92000 	D:\Vivado2021\Vivado\2019.2\lib\win64.o\librdi_cd_client.dll
0x00007ffec0960000 - 0x00007ffec0a4f000 	D:\Vivado2021\Vivado\2019.2\lib\win64.o\librdi_chipscope.dll
0x00007ffeb9b30000 - 0x00007ffeb9cf0000 	D:\Vivado2021\Vivado\2019.2\lib\win64.o\librdi_chipscopeimpl.dll
0x00007ffeb2dc0000 - 0x00007ffeb30e4000 	D:\Vivado2021\Vivado\2019.2\lib\win64.o\librdi_containers.dll
0x00007ffeb12e0000 - 0x00007ffeb2dba000 	D:\Vivado2021\Vivado\2019.2\lib\win64.o\librdi_constraints.dll
0x00007ffeaa940000 - 0x00007ffeab019000 	D:\Vivado2021\Vivado\2019.2\lib\win64.o\librdi_coregenipxact.dll
0x00007ffeab020000 - 0x00007ffeaf2eb000 	D:\Vivado2021\Vivado\2019.2\lib\win64.o\librdi_designutils.dll
0x00007ffeaf2f0000 - 0x00007ffeb12e0000 	D:\Vivado2021\Vivado\2019.2\lib\win64.o\librdi_coregen.dll
0x00007ffe95a40000 - 0x00007ffe95d8a000 	D:\Vivado2021\Vivado\2019.2\lib\win64.o\librdi_dlyest.dll
0x00007ffed3bf0000 - 0x00007ffed3cb4000 	D:\Vivado2021\Vivado\2019.2\lib\win64.o\librdi_dsp.dll
0x00007ffe95470000 - 0x00007ffe95a3d000 	D:\Vivado2021\Vivado\2019.2\lib\win64.o\librdi_drc.dll
0x00007ffe94e00000 - 0x00007ffe9546b000 	D:\Vivado2021\Vivado\2019.2\lib\win64.o\librdi_filemgmt.dll
0x00007ffe94af0000 - 0x00007ffe94e00000 	D:\Vivado2021\Vivado\2019.2\lib\win64.o\librdi_guitools.dll
0x00007ffec0c20000 - 0x00007ffec0c8a000 	D:\Vivado2021\Vivado\2019.2\lib\win64.o\librdi_hdf.dll
0x00007ffe948d0000 - 0x00007ffe94af0000 	D:\Vivado2021\Vivado\2019.2\lib\win64.o\librdi_hip_devdesign.dll
0x00007ffe94780000 - 0x00007ffe948c8000 	D:\Vivado2021\Vivado\2019.2\lib\win64.o\librdi_hip_perf_analysis.dll
0x00007ffe929d0000 - 0x00007ffe93001000 	D:\Vivado2021\Vivado\2019.2\lib\win64.o\librdi_memdata.dll
0x00007ffebf700000 - 0x00007ffebf774000 	D:\Vivado2021\Vivado\2019.2\lib\win64.o\librdi_memoryarray.dll
0x00007ffe93010000 - 0x00007ffe9477d000 	D:\Vivado2021\Vivado\2019.2\lib\win64.o\librdi_implflow.dll
0x00007ffe95d90000 - 0x00007ffeaa93b000 	D:\Vivado2021\Vivado\2019.2\lib\win64.o\librdi_device.dll
0x00007ffe922e0000 - 0x00007ffe929c3000 	D:\Vivado2021\Vivado\2019.2\lib\win64.o\librdi_netlist.dll
0x00007ffec2520000 - 0x00007ffec256c000 	D:\Vivado2021\Vivado\2019.2\lib\win64.o\librdi_pfi.dll
0x00007ffe8c920000 - 0x00007ffe8cc3b000 	D:\Vivado2021\Vivado\2019.2\lib\win64.o\librdi_platform.dll
0x00007ffe8c110000 - 0x00007ffe8c91b000 	D:\Vivado2021\Vivado\2019.2\lib\win64.o\librdi_power.dll
0x00007ffe8bb50000 - 0x00007ffe8c10a000 	D:\Vivado2021\Vivado\2019.2\lib\win64.o\librdi_project.dll
0x00007ffe8b410000 - 0x00007ffe8bb43000 	D:\Vivado2021\Vivado\2019.2\lib\win64.o\librdi_psta.dll
0x00007ffe8cc40000 - 0x00007ffe8f507000 	D:\Vivado2021\Vivado\2019.2\lib\win64.o\librdi_place.dll
0x00007ffe8ad40000 - 0x00007ffe8b401000 	D:\Vivado2021\Vivado\2019.2\lib\win64.o\librdi_rsb.dll
0x00007ffe8a910000 - 0x00007ffe8ad33000 	D:\Vivado2021\Vivado\2019.2\lib\win64.o\librdi_runs.dll
0x00007ffe8f510000 - 0x00007ffe922db000 	D:\Vivado2021\Vivado\2019.2\lib\win64.o\librdi_mig.dll
0x00007ffe8a800000 - 0x00007ffe8a908000 	D:\Vivado2021\Vivado\2019.2\lib\win64.o\librdi_runsbase.dll
0x00007ffe8a580000 - 0x00007ffe8a7f5000 	D:\Vivado2021\Vivado\2019.2\lib\win64.o\librdi_simdata.dll
0x00007ffe896f0000 - 0x00007ffe8a57d000 	D:\Vivado2021\Vivado\2019.2\lib\win64.o\librdi_timing.dll
0x00007ffe89540000 - 0x00007ffe896e1000 	D:\Vivado2021\Vivado\2019.2\lib\win64.o\librdi_advchipscopeimpl.dll
0x00007ffe893a0000 - 0x00007ffe89540000 	D:\Vivado2021\Vivado\2019.2\lib\win64.o\librdi_cd_protocol.dll
0x00007ffebbfb0000 - 0x00007ffebbffc000 	D:\Vivado2021\Vivado\2019.2\lib\win64.o\libboost_serialization.dll
0x00007ffe892c0000 - 0x00007ffe89397000 	D:\Vivado2021\Vivado\2019.2\lib\win64.o\librdi_ipconfig_readwrite.dll
0x00007ffeb9ae0000 - 0x00007ffeb9b2a000 	D:\Vivado2021\Vivado\2019.2\lib\win64.o\librdi_noc_frameworks.dll
0x00007ffe89220000 - 0x00007ffe892be000 	D:\Vivado2021\Vivado\2019.2\lib\win64.o\libise.dll
0x00007ffe89030000 - 0x00007ffe89214000 	D:\Vivado2021\Vivado\2019.2\lib\win64.o\librdi_hip_config.dll
0x00007ffe884e0000 - 0x00007ffe89027000 	D:\Vivado2021\Vivado\2019.2\lib\win64.o\libverific.dll
0x00007ffe87f90000 - 0x00007ffe884de000 	D:\Vivado2021\Vivado\2019.2\lib\win64.o\librdi_xdm.dll
0x00007ffe87920000 - 0x00007ffe8796a000 	D:\Vivado2021\Vivado\2019.2\lib\win64.o\librdi_wavedata_SimpleApi.dll

VM Arguments:
jvm_args: -Dsun.java2d.pmoffscreen=false -Dsun.java2d.xrender=false -Dsun.java2d.d3d=false -Dsun.awt.nopixfmt=true -Dsun.java2d.dpiaware=true -Dsun.java2d.uiScale.enabled=false -Xverify:none -Dswing.aatext=true -XX:-UsePerfData -Djdk.map.althashing.threshold=512 -XX:StringTableSize=4072 --add-opens=java.base/java.nio=ALL-UNNAMED --add-opens=java.desktop/sun.swing=ALL-UNNAMED --add-opens=java.desktop/javax.swing=ALL-UNNAMED --add-opens=java.desktop/javax.swing.tree=ALL-UNNAMED --add-opens=java.desktop/javax.swing.plaf.basic=ALL-UNNAMED --add-opens=java.desktop/javax.swing.plaf.synth=ALL-UNNAMED --add-opens=java.desktop/com.sun.awt=ALL-UNNAMED -XX:NewSize=60m -XX:MaxNewSize=60m -Xms128m -Xmx3072m -Xss5m 
java_command: <unknown>
java_class_path (initial): D:/Vivado2021/Vivado/2019.2\lib\classes\alloy.jar;D:/Vivado2021/Vivado/2019.2\lib\classes\autoesl-common.jar;D:/Vivado2021/Vivado/2019.2\lib\classes\autoesl-models.jar;D:/Vivado2021/Vivado/2019.2\lib\classes\autoesl-report.jar;D:/Vivado2021/Vivado/2019.2\lib\classes\autopilot.scelaborator.jar;D:/Vivado2021/Vivado/2019.2\lib\classes\autopilot.sourceprocessor.jar;D:/Vivado2021/Vivado/2019.2\lib\classes\autopilot.tbprocessor.jar;D:/Vivado2021/Vivado/2019.2\lib\classes\batik-anim.jar;D:/Vivado2021/Vivado/2019.2\lib\classes\batik-awt-util.jar;D:/Vivado2021/Vivado/2019.2\lib\classes\batik-bridge.jar;D:/Vivado2021/Vivado/2019.2\lib\classes\batik-codec.jar;D:/Vivado2021/Vivado/2019.2\lib\classes\batik-css.jar;D:/Vivado2021/Vivado/2019.2\lib\classes\batik-dom.jar;D:/Vivado2021/Vivado/2019.2\lib\classes\batik-ext.jar;D:/Vivado2021/Vivado/2019.2\lib\classes\batik-gui-util.jar;D:/Vivado2021/Vivado/2019.2\lib\classes\batik-gvt.jar;D:/Vivado2021/Vivado/2019.2\lib\classes\batik-parser.jar;D:/Vivado2021/Vivado/2019.2\lib\classes\batik-script.jar;D:/Vivado2021/Vivado/2019.2\lib\classes\batik-svg-dom.jar;D:/Vivado2021/Vivado/2019.2\lib\classes\batik-swing.jar;D:/Vivado2021/Vivado/2019.2\lib\classes\batik-transcoder.jar;D:/Vivado2021/Vivado/2019.2\lib\classes\batik-util.jar;D:/Vivado2021/Vivado/2019.2\lib\classes\batik-xml.jar;D:/Vivado2021/Vivado/2019.2\lib\classes\com.google.gson_2.7.0.v20170129-0911.jar;D:/Vivado2021/Vivado/2019.2\lib\classes\com.google.guava_21.0.0.v20170206-1425.jar;D:/Vivado2021/Vivado/2019.2\lib\classes\com.ibm.icu_4.4.2.v20110208.jar;D:/Vivado2021/Vivado/2019.2\lib\classes\com.sigasi.hdt.connection_4.5.0.201909241521.jar;D:/Vivado2021/Vivado/2019.2\lib\classes\com.sigasi.hdt.epl_4.5.0.201909241521.jar;D:/Vivado2021/Vivado/2019.2\lib\classes\com.sigasi.hdt.project_4.5.0.201909241521.jar;D:/Vivado2021/Vivado/2019.2\lib\classes\com.sigasi.hdt.readonlyfilesystem_4.5.0.201909241521.jar;D:/Vivado2021/Vivado/2019.2\lib\classes\com.sigasi.
Launcher Type: generic

Logging:
Log output configuration:
#0: stdout all=warning uptime,level,tags
#1: stderr all=off uptime,level,tags

Environment Variables:
JAVA_HOME=D:\jdk20
PATH=D:/Vivado2021/Vivado/2019.2/bin;D:/Vivado2021/Vivado/2019.2/lib/win64.o;D:/Vivado2021/Vivado/2019.2/tps/win64/jre9.0.4/bin/server;D:/Vivado2021/Vivado/2019.2/tps/win64/jre9.0.4/bin;D:/Vivado2021/Vivado/2019.2/ids_lite/ISE/bin/nt64;D:/Vivado2021/Vivado/2019.2/ids_lite/ISE/lib/nt64;D:\VMare Workstation\bin\;C:\Program Files\Common Files\Oracle\Java\javapath;C:\WINDOWS\system32;C:\WINDOWS;C:\WINDOWS\System32\Wbem;C:\WINDOWS\System32\WindowsPowerShell\v1.0\;C:\WINDOWS\System32\OpenSSH\;C:\Program Files\mingw64\bin;D:\matlab2021.a\runtime\win64;D:\matlab2021.a\bin;D:\runtime\win64;D:\bin;D:\polyspace\bin;D:\matlab2021.a\polyspace\bin;C:\Program Files\dotnet\;C:\Program Files\Microsoft SQL Server\130\Tools\Binn\;C:\Program Files\Microsoft SQL Server\Client SDK\ODBC\170\Tools\Binn\;C:\Program Files (x86)\IVI Foundation\VISA\WinNT\Bin\;C:\Program Files\IVI Foundation\VISA\Win64\Bin\;D:\NetSarang\Xshell 7\;D:\NetSarang\Xftp 7\;D:\jdk20\bin;D:\hadoop-3.3.4\bin;D:\apache-maven-3.8.6\bin;C:\Users\11731\AppData\Local\Programs\Microsoft VS Code\bin;D:\Git\cmd;D:\Git LFS;D:\nodejs\;C:\Program Files\Mullvad VPN\resources;D:\Ruby32-x64\bin;C:\Users\11731\.cargo\bin;C:\Users\11731\AppData\Local\Programs\Python\Python310\Scripts\;C:\Users\11731\AppData\Local\Programs\Python\Python310\;C:\Users\11731\AppData\Local\Microsoft\WindowsApps;C:\Users\11731\.dotnet\tools;D:\JetBrains\PyCharm Community Edition 2022.2.1\bin;;D:\MiKTeX\miktex\bin\x64\;D:\masm32\bin;D:\masm32\lib;C:\Users\11731\AppData\Roaming\npm;D:\msys2;D:\apache-jmeter\apache-jmeter-5.6\bin;D:/Vivado2021/Vivado/2019.2\tps\mingw\6.2.0\win64.o\nt\bin;D:/Vivado2021/Vivado/2019.2\tps\mingw\6.2.0\win64.o\nt\libexec\gcc\x86_64-w64-mingw32\6.2.0;D:/Vivado2021/Vivado/2019.2\tps\win64\python-2.7.5;D:/Vivado2021/Vivado/2019.2\tps\win64\python-2.7.5\bin;D:/Vivado2021/Vivado/2019.2\tps\win64\python-2.7.5\lib;D:/Vivado2021/Vivado/2019.2\tps\win64\python-2.7.5\Lib\lib-tk;D:/Vivado2021/Vivado/2019.2\tps\win64\python-2.7.5\lib\site-package
USERNAME=11731
OS=Windows_NT
PROCESSOR_IDENTIFIER=AMD64 Family 23 Model 96 Stepping 1, AuthenticAMD



---------------  S Y S T E M  ---------------

OS: Windows 10 , 64 bit Build 19041 (10.0.19041.3155)

CPU:total 16 (initial active 16) (16 cores per cpu, 1 threads per core) family 23 model 96 stepping 1, cmov, cx8, fxsr, mmx, sse, sse2, sse3, ssse3, sse4.1, sse4.2, popcnt, avx, avx2, aes, clmul, mmxext, 3dnowpref, lzcnt, sse4a, tsc, tscinvbit, tscinv, bmi1

Memory: 4k page, physical 16074040k(880464k free), swap 35402668k(4k free)

vm_info: Java HotSpot(TM) 64-Bit Server VM (9.0.4+11) for windows-amd64 JRE (9.0.4+11), built on Dec 20 2017 02:18:54 by "mach5one" with MS VC++ 12.0 (VS2013)

END.
